{"/home/travis/build/npmtest/node-npmtest-livereloadx/test.js":{"path":"/home/travis/build/npmtest/node-npmtest-livereloadx/test.js","s":{"1":2,"2":2,"3":2,"4":2,"5":2,"6":2,"7":2,"8":1,"9":2,"10":2,"11":1,"12":1,"13":1,"14":1,"15":2,"16":2,"17":2,"18":2,"19":1,"20":1,"21":2,"22":2,"23":2,"24":1,"25":1,"26":1,"27":1,"28":1,"29":1,"30":1,"31":1,"32":1,"33":1,"34":1,"35":1,"36":1,"37":1,"38":1,"39":2,"40":2,"41":1,"42":2,"43":2,"44":1,"45":2,"46":2,"47":1,"48":2,"49":2,"50":1,"51":1,"52":1,"53":1,"54":1},"b":{"1":[2,1,1,1],"2":[1,1,1,1],"3":[1,1],"4":[1,1],"5":[1,1],"6":[1,1],"7":[1,1],"8":[1,1],"9":[1,1],"10":[1,1,1],"11":[1,1],"12":[1,1],"13":[1,1],"14":[1,1],"15":[1,1],"16":[1,1],"17":[1,1]},"f":{"1":2,"2":2,"3":2,"4":2,"5":2,"6":1,"7":1,"8":1,"9":2,"10":2,"11":2,"12":2,"13":1},"fnMap":{"1":{"name":"(anonymous_1)","line":12,"loc":{"start":{"line":12,"column":1},"end":{"line":12,"column":13}}},"2":{"name":"(anonymous_2)","line":19,"loc":{"start":{"line":19,"column":5},"end":{"line":19,"column":17}}},"3":{"name":"(anonymous_3)","line":23,"loc":{"start":{"line":23,"column":24},"end":{"line":23,"column":36}}},"4":{"name":"(anonymous_4)","line":61,"loc":{"start":{"line":61,"column":5},"end":{"line":61,"column":17}}},"5":{"name":"(anonymous_5)","line":82,"loc":{"start":{"line":82,"column":5},"end":{"line":82,"column":17}}},"6":{"name":"(anonymous_6)","line":91,"loc":{"start":{"line":91,"column":77},"end":{"line":94,"column":10}}},"7":{"name":"(anonymous_7)","line":112,"loc":{"start":{"line":112,"column":83},"end":{"line":115,"column":10}},"skip":true},"8":{"name":"(anonymous_8)","line":123,"loc":{"start":{"line":123,"column":77},"end":{"line":126,"column":10}},"skip":true},"9":{"name":"(anonymous_9)","line":139,"loc":{"start":{"line":139,"column":12},"end":{"line":139,"column":40}},"skip":true},"10":{"name":"(anonymous_10)","line":147,"loc":{"start":{"line":147,"column":77},"end":{"line":150,"column":10}},"skip":true},"11":{"name":"(anonymous_11)","line":158,"loc":{"start":{"line":158,"column":83},"end":{"line":161,"column":10}},"skip":true},"12":{"name":"(anonymous_12)","line":169,"loc":{"start":{"line":169,"column":79},"end":{"line":172,"column":10}},"skip":true},"13":{"name":"(anonymous_13)","line":180,"loc":{"start":{"line":180,"column":75},"end":{"line":183,"column":10}},"skip":true}},"statementMap":{"1":{"start":{"line":12,"column":0},"end":{"line":195,"column":5}},"2":{"start":{"line":14,"column":4},"end":{"line":14,"column":14}},"3":{"start":{"line":19,"column":4},"end":{"line":56,"column":9}},"4":{"start":{"line":21,"column":8},"end":{"line":21,"column":19}},"5":{"start":{"line":23,"column":8},"end":{"line":35,"column":13}},"6":{"start":{"line":24,"column":12},"end":{"line":34,"column":13}},"7":{"start":{"line":25,"column":16},"end":{"line":28,"column":30}},"8":{"start":{"line":30,"column":16},"end":{"line":33,"column":27}},"9":{"start":{"line":37,"column":8},"end":{"line":39,"column":21}},"10":{"start":{"line":40,"column":8},"end":{"line":53,"column":9}},"11":{"start":{"line":43,"column":12},"end":{"line":46,"column":14}},"12":{"start":{"line":47,"column":12},"end":{"line":47,"column":18}},"13":{"start":{"line":50,"column":12},"end":{"line":51,"column":33}},"14":{"start":{"line":52,"column":12},"end":{"line":52,"column":18}},"15":{"start":{"line":55,"column":8},"end":{"line":55,"column":35}},"16":{"start":{"line":61,"column":4},"end":{"line":63,"column":9}},"17":{"start":{"line":62,"column":8},"end":{"line":62,"column":15}},"18":{"start":{"line":64,"column":4},"end":{"line":77,"column":5}},"19":{"start":{"line":70,"column":8},"end":{"line":70,"column":14}},"20":{"start":{"line":76,"column":8},"end":{"line":76,"column":14}},"21":{"start":{"line":82,"column":4},"end":{"line":84,"column":9}},"22":{"start":{"line":83,"column":8},"end":{"line":83,"column":15}},"23":{"start":{"line":85,"column":4},"end":{"line":194,"column":5}},"24":{"start":{"line":91,"column":8},"end":{"line":99,"column":10}},"25":{"start":{"line":98,"column":12},"end":{"line":98,"column":35}},"26":{"start":{"line":102,"column":8},"end":{"line":104,"column":63}},"27":{"start":{"line":105,"column":8},"end":{"line":105,"column":14}},"28":{"start":{"line":112,"column":8},"end":{"line":121,"column":10},"skip":true},"29":{"start":{"line":119,"column":12},"end":{"line":119,"column":55},"skip":true},"30":{"start":{"line":120,"column":12},"end":{"line":120,"column":48},"skip":true},"31":{"start":{"line":123,"column":8},"end":{"line":136,"column":10},"skip":true},"32":{"start":{"line":130,"column":12},"end":{"line":130,"column":76},"skip":true},"33":{"start":{"line":131,"column":12},"end":{"line":131,"column":73},"skip":true},"34":{"start":{"line":132,"column":12},"end":{"line":132,"column":74},"skip":true},"35":{"start":{"line":133,"column":12},"end":{"line":133,"column":79},"skip":true},"36":{"start":{"line":134,"column":12},"end":{"line":134,"column":25},"skip":true},"37":{"start":{"line":135,"column":12},"end":{"line":135,"column":45},"skip":true},"38":{"start":{"line":138,"column":8},"end":{"line":145,"column":14},"skip":true},"39":{"start":{"line":143,"column":16},"end":{"line":143,"column":29},"skip":true},"40":{"start":{"line":144,"column":16},"end":{"line":144,"column":55},"skip":true},"41":{"start":{"line":147,"column":8},"end":{"line":156,"column":10},"skip":true},"42":{"start":{"line":154,"column":12},"end":{"line":154,"column":25},"skip":true},"43":{"start":{"line":155,"column":12},"end":{"line":155,"column":45},"skip":true},"44":{"start":{"line":158,"column":8},"end":{"line":167,"column":10},"skip":true},"45":{"start":{"line":165,"column":12},"end":{"line":165,"column":25},"skip":true},"46":{"start":{"line":166,"column":12},"end":{"line":166,"column":48},"skip":true},"47":{"start":{"line":169,"column":8},"end":{"line":178,"column":10},"skip":true},"48":{"start":{"line":176,"column":12},"end":{"line":176,"column":25},"skip":true},"49":{"start":{"line":177,"column":12},"end":{"line":177,"column":46},"skip":true},"50":{"start":{"line":180,"column":8},"end":{"line":189,"column":10},"skip":true},"51":{"start":{"line":187,"column":12},"end":{"line":187,"column":94},"skip":true},"52":{"start":{"line":188,"column":12},"end":{"line":188,"column":48},"skip":true},"53":{"start":{"line":192,"column":8},"end":{"line":192,"column":35},"skip":true},"54":{"start":{"line":193,"column":8},"end":{"line":193,"column":14},"skip":true}},"branchMap":{"1":{"line":25,"type":"binary-expr","locations":[{"start":{"line":25,"column":23},"end":{"line":25,"column":62}},{"start":{"line":26,"column":20},"end":{"line":26,"column":70}},{"start":{"line":27,"column":20},"end":{"line":27,"column":71}},{"start":{"line":28,"column":20},"end":{"line":28,"column":29}}]},"2":{"line":30,"type":"binary-expr","locations":[{"start":{"line":30,"column":23},"end":{"line":30,"column":37}},{"start":{"line":31,"column":20},"end":{"line":31,"column":61}},{"start":{"line":32,"column":20},"end":{"line":32,"column":70}},{"start":{"line":33,"column":20},"end":{"line":33,"column":26}}]},"3":{"line":37,"type":"cond-expr","locations":[{"start":{"line":38,"column":14},"end":{"line":38,"column":20}},{"start":{"line":39,"column":14},"end":{"line":39,"column":20}}]},"4":{"line":40,"type":"switch","locations":[{"start":{"line":42,"column":8},"end":{"line":47,"column":18}},{"start":{"line":49,"column":8},"end":{"line":52,"column":18}}]},"5":{"line":44,"type":"binary-expr","locations":[{"start":{"line":44,"column":16},"end":{"line":44,"column":44}},{"start":{"line":44,"column":48},"end":{"line":44,"column":66}}]},"6":{"line":50,"type":"binary-expr","locations":[{"start":{"line":50,"column":21},"end":{"line":50,"column":49}},{"start":{"line":50,"column":53},"end":{"line":50,"column":72}}]},"7":{"line":64,"type":"switch","locations":[{"start":{"line":69,"column":4},"end":{"line":70,"column":14}},{"start":{"line":75,"column":4},"end":{"line":76,"column":14}}]},"8":{"line":85,"type":"switch","locations":[{"start":{"line":90,"column":4},"end":{"line":105,"column":14}},{"start":{"line":111,"column":4},"end":{"line":193,"column":14},"skip":true}]},"9":{"line":91,"type":"binary-expr","locations":[{"start":{"line":91,"column":42},"end":{"line":91,"column":73}},{"start":{"line":91,"column":77},"end":{"line":99,"column":9}}]},"10":{"line":102,"type":"binary-expr","locations":[{"start":{"line":102,"column":18},"end":{"line":102,"column":32}},{"start":{"line":103,"column":12},"end":{"line":103,"column":53}},{"start":{"line":104,"column":12},"end":{"line":104,"column":61}}]},"11":{"line":112,"type":"binary-expr","locations":[{"start":{"line":112,"column":45},"end":{"line":112,"column":79},"skip":true},{"start":{"line":112,"column":83},"end":{"line":121,"column":9},"skip":true}]},"12":{"line":123,"type":"binary-expr","locations":[{"start":{"line":123,"column":42},"end":{"line":123,"column":73},"skip":true},{"start":{"line":123,"column":77},"end":{"line":136,"column":9},"skip":true}]},"13":{"line":138,"type":"binary-expr","locations":[{"start":{"line":138,"column":48},"end":{"line":138,"column":85},"skip":true},{"start":{"line":139,"column":12},"end":{"line":145,"column":13},"skip":true}]},"14":{"line":147,"type":"binary-expr","locations":[{"start":{"line":147,"column":42},"end":{"line":147,"column":73},"skip":true},{"start":{"line":147,"column":77},"end":{"line":156,"column":9},"skip":true}]},"15":{"line":158,"type":"binary-expr","locations":[{"start":{"line":158,"column":45},"end":{"line":158,"column":79},"skip":true},{"start":{"line":158,"column":83},"end":{"line":167,"column":9},"skip":true}]},"16":{"line":169,"type":"binary-expr","locations":[{"start":{"line":169,"column":43},"end":{"line":169,"column":75},"skip":true},{"start":{"line":169,"column":79},"end":{"line":178,"column":9},"skip":true}]},"17":{"line":180,"type":"binary-expr","locations":[{"start":{"line":180,"column":41},"end":{"line":180,"column":71},"skip":true},{"start":{"line":180,"column":75},"end":{"line":189,"column":9},"skip":true}]}},"code":["/* istanbul instrument in package npmtest_livereloadx */","/*jslint","    bitwise: true,","    browser: true,","    maxerr: 8,","    maxlen: 96,","    node: true,","    nomen: true,","    regexp: true,","    stupid: true","*/","(function () {","    'use strict';","    var local;","","","","    // run shared js-env code - init-before","    (function () {","        // init local","        local = {};","        // init modeJs","        local.modeJs = (function () {","            try {","                return typeof navigator.userAgent === 'string' &&","                    typeof document.querySelector('body') === 'object' &&","                    typeof XMLHttpRequest.prototype.open === 'function' &&","                    'browser';","            } catch (errorCaughtBrowser) {","                return module.exports &&","                    typeof process.versions.node === 'string' &&","                    typeof require('http').createServer === 'function' &&","                    'node';","            }","        }());","        // init global","        local.global = local.modeJs === 'browser'","            ? window","            : global;","        switch (local.modeJs) {","        // re-init local from window.local","        case 'browser':","            local = local.global.utility2.objectSetDefault(","                local.global.utility2_rollup || local.global.local,","                local.global.utility2","            );","            break;","        // re-init local from example.js","        case 'node':","            local = (local.global.utility2_rollup || require('utility2'))","                .requireReadme();","            break;","        }","        // export local","        local.global.local = local;","    }());","","","","    // run shared js-env code - function","    (function () {","        return;","    }());","    switch (local.modeJs) {","","","","    // run browser js-env code - function","    case 'browser':","        break;","","","","    // run node js-env code - function","    case 'node':","        break;","    }","","","","    // run shared js-env code - init-after","    (function () {","        return;","    }());","    switch (local.modeJs) {","","","","    // run browser js-env code - init-after","    case 'browser':","        local.testCase_browser_nullCase = local.testCase_browser_nullCase || function (","            options,","            onError","        ) {","        /*","         * this function will test browsers's null-case handling-behavior-behavior","         */","            onError(null, options);","        };","","        // run tests","        local.nop(local.modeTest &&","            document.querySelector('#testRunButton1') &&","            document.querySelector('#testRunButton1').click());","        break;","","","","    // run node js-env code - init-after","    /* istanbul ignore next */","    case 'node':","        local.testCase_buildApidoc_default = local.testCase_buildApidoc_default || function (","            options,","            onError","        ) {","        /*","         * this function will test buildApidoc's default handling-behavior-behavior","         */","            options = { modulePathList: module.paths };","            local.buildApidoc(options, onError);","        };","","        local.testCase_buildApp_default = local.testCase_buildApp_default || function (","            options,","            onError","        ) {","        /*","         * this function will test buildApp's default handling-behavior-behavior","         */","            local.testCase_buildReadme_default(options, local.onErrorThrow);","            local.testCase_buildLib_default(options, local.onErrorThrow);","            local.testCase_buildTest_default(options, local.onErrorThrow);","            local.testCase_buildCustomOrg_default(options, local.onErrorThrow);","            options = [];","            local.buildApp(options, onError);","        };","","        local.testCase_buildCustomOrg_default = local.testCase_buildCustomOrg_default ||","            function (options, onError) {","            /*","             * this function will test buildCustomOrg's default handling-behavior","             */","                options = {};","                local.buildCustomOrg(options, onError);","            };","","        local.testCase_buildLib_default = local.testCase_buildLib_default || function (","            options,","            onError","        ) {","        /*","         * this function will test buildLib's default handling-behavior","         */","            options = {};","            local.buildLib(options, onError);","        };","","        local.testCase_buildReadme_default = local.testCase_buildReadme_default || function (","            options,","            onError","        ) {","        /*","         * this function will test buildReadme's default handling-behavior-behavior","         */","            options = {};","            local.buildReadme(options, onError);","        };","","        local.testCase_buildTest_default = local.testCase_buildTest_default || function (","            options,","            onError","        ) {","        /*","         * this function will test buildTest's default handling-behavior","         */","            options = {};","            local.buildTest(options, onError);","        };","","        local.testCase_webpage_default = local.testCase_webpage_default || function (","            options,","            onError","        ) {","        /*","         * this function will test webpage's default handling-behavior","         */","            options = { modeCoverageMerge: true, url: local.serverLocalHost + '?modeTest=1' };","            local.browserTest(options, onError);","        };","","        // run test-server","        local.testRunServer(local);","        break;","    }","}());",""],"l":{"12":2,"14":2,"19":2,"21":2,"23":2,"24":2,"25":2,"30":1,"37":2,"40":2,"43":1,"47":1,"50":1,"52":1,"55":2,"61":2,"62":2,"64":2,"70":1,"76":1,"82":2,"83":2,"85":2,"91":1,"98":1,"102":1,"105":1,"112":1,"119":1,"120":1,"123":1,"130":1,"131":1,"132":1,"133":1,"134":1,"135":1,"138":1,"143":2,"144":2,"147":1,"154":2,"155":2,"158":1,"165":2,"166":2,"169":1,"176":2,"177":2,"180":1,"187":1,"188":1,"192":1,"193":1}},"/home/travis/build/npmtest/node-npmtest-livereloadx/lib.npmtest_livereloadx.js":{"path":"/home/travis/build/npmtest/node-npmtest-livereloadx/lib.npmtest_livereloadx.js","s":{"1":2,"2":2,"3":2,"4":2,"5":2,"6":2,"7":2,"8":1,"9":2,"10":2,"11":2,"12":2,"13":1,"14":1,"15":1,"16":1},"b":{"1":[2,1,1,1],"2":[1,1,1,1],"3":[1,1],"4":[2,2],"5":[1,1]},"f":{"1":2,"2":2,"3":2},"fnMap":{"1":{"name":"(anonymous_1)","line":12,"loc":{"start":{"line":12,"column":1},"end":{"line":12,"column":13}}},"2":{"name":"(anonymous_2)","line":19,"loc":{"start":{"line":19,"column":5},"end":{"line":19,"column":17}}},"3":{"name":"(anonymous_3)","line":23,"loc":{"start":{"line":23,"column":24},"end":{"line":23,"column":36}}}},"statementMap":{"1":{"start":{"line":12,"column":0},"end":{"line":53,"column":5}},"2":{"start":{"line":14,"column":4},"end":{"line":14,"column":14}},"3":{"start":{"line":19,"column":4},"end":{"line":52,"column":9}},"4":{"start":{"line":21,"column":8},"end":{"line":21,"column":19}},"5":{"start":{"line":23,"column":8},"end":{"line":35,"column":13}},"6":{"start":{"line":24,"column":12},"end":{"line":34,"column":13}},"7":{"start":{"line":25,"column":16},"end":{"line":28,"column":30}},"8":{"start":{"line":30,"column":16},"end":{"line":33,"column":27}},"9":{"start":{"line":37,"column":8},"end":{"line":39,"column":21}},"10":{"start":{"line":41,"column":8},"end":{"line":41,"column":54}},"11":{"start":{"line":43,"column":8},"end":{"line":43,"column":56}},"12":{"start":{"line":45,"column":8},"end":{"line":51,"column":9}},"13":{"start":{"line":46,"column":12},"end":{"line":46,"column":62}},"14":{"start":{"line":48,"column":12},"end":{"line":48,"column":35}},"15":{"start":{"line":49,"column":12},"end":{"line":49,"column":49}},"16":{"start":{"line":50,"column":12},"end":{"line":50,"column":43}}},"branchMap":{"1":{"line":25,"type":"binary-expr","locations":[{"start":{"line":25,"column":23},"end":{"line":25,"column":62}},{"start":{"line":26,"column":20},"end":{"line":26,"column":70}},{"start":{"line":27,"column":20},"end":{"line":27,"column":71}},{"start":{"line":28,"column":20},"end":{"line":28,"column":29}}]},"2":{"line":30,"type":"binary-expr","locations":[{"start":{"line":30,"column":23},"end":{"line":30,"column":37}},{"start":{"line":31,"column":20},"end":{"line":31,"column":61}},{"start":{"line":32,"column":20},"end":{"line":32,"column":70}},{"start":{"line":33,"column":20},"end":{"line":33,"column":26}}]},"3":{"line":37,"type":"cond-expr","locations":[{"start":{"line":38,"column":14},"end":{"line":38,"column":20}},{"start":{"line":39,"column":14},"end":{"line":39,"column":20}}]},"4":{"line":41,"type":"binary-expr","locations":[{"start":{"line":41,"column":16},"end":{"line":41,"column":44}},{"start":{"line":41,"column":48},"end":{"line":41,"column":53}}]},"5":{"line":45,"type":"if","locations":[{"start":{"line":45,"column":8},"end":{"line":45,"column":8}},{"start":{"line":45,"column":8},"end":{"line":45,"column":8}}]}},"code":["/* istanbul instrument in package npmtest_livereloadx */","/*jslint","    bitwise: true,","    browser: true,","    maxerr: 8,","    maxlen: 96,","    node: true,","    nomen: true,","    regexp: true,","    stupid: true","*/","(function () {","    'use strict';","    var local;","","","","    // run shared js-env code - init-before","    (function () {","        // init local","        local = {};","        // init modeJs","        local.modeJs = (function () {","            try {","                return typeof navigator.userAgent === 'string' &&","                    typeof document.querySelector('body') === 'object' &&","                    typeof XMLHttpRequest.prototype.open === 'function' &&","                    'browser';","            } catch (errorCaughtBrowser) {","                return module.exports &&","                    typeof process.versions.node === 'string' &&","                    typeof require('http').createServer === 'function' &&","                    'node';","            }","        }());","        // init global","        local.global = local.modeJs === 'browser'","            ? window","            : global;","        // init utility2_rollup","        local = local.global.utility2_rollup || local;","        // init lib","        local.local = local.npmtest_livereloadx = local;","        // init exports","        if (local.modeJs === 'browser') {","            local.global.utility2_npmtest_livereloadx = local;","        } else {","            module.exports = local;","            module.exports.__dirname = __dirname;","            module.exports.module = module;","        }","    }());","}());",""],"l":{"12":2,"14":2,"19":2,"21":2,"23":2,"24":2,"25":2,"30":1,"37":2,"41":2,"43":2,"45":2,"46":1,"48":1,"49":1,"50":1}},"/home/travis/build/npmtest/node-npmtest-livereloadx/example.js":{"path":"/home/travis/build/npmtest/node-npmtest-livereloadx/example.js","s":{"1":2,"2":2,"3":2,"4":2,"5":2,"6":2,"7":2,"8":1,"9":2,"10":2,"11":2,"12":2,"13":1,"14":2,"15":2,"16":2,"17":2,"18":2,"19":0,"20":2,"21":1,"22":1,"23":1,"24":1,"25":1,"26":0,"27":0,"28":1,"29":1,"30":2,"31":0,"32":0,"33":0,"34":1,"35":2,"36":2,"37":3,"38":3,"39":3,"40":3,"41":0,"42":3,"43":3,"44":3,"45":1,"46":3,"47":1,"48":1,"49":1,"50":1,"51":1,"52":1,"53":1,"54":1,"55":1,"56":1,"57":0,"58":1,"59":6,"60":6,"61":1,"62":2,"63":0,"64":2,"65":1,"66":1,"67":0,"68":0,"69":0,"70":0,"71":0,"72":0,"73":0,"74":0,"75":0,"76":0,"77":0,"78":0,"79":0,"80":0,"81":0,"82":0,"83":0},"b":{"1":[2,1,1,1],"2":[1,1,1,1],"3":[1,1],"4":[2,2],"5":[1,1],"6":[1,1],"7":[2,0],"8":[2,1,1,1,1,1],"9":[0,2,0],"10":[1,1],"11":[2,1,1],"12":[1,0],"13":[0,2],"14":[2,0,0,0,0,0,0],"15":[0,3],"16":[3,0],"17":[1,1],"18":[0,1],"19":[1,2,0,2],"20":[1,0],"21":[1,1],"22":[0,0],"23":[0,0],"24":[0,0],"25":[0,0],"26":[0,0],"27":[0,0],"28":[0,0]},"f":{"1":2,"2":2,"3":2,"4":2,"5":2,"6":2,"7":3,"8":3,"9":3,"10":1,"11":6,"12":0},"fnMap":{"1":{"name":"(anonymous_1)","line":26,"loc":{"start":{"line":26,"column":1},"end":{"line":26,"column":13}}},"2":{"name":"(anonymous_2)","line":33,"loc":{"start":{"line":33,"column":5},"end":{"line":33,"column":17}}},"3":{"name":"(anonymous_3)","line":37,"loc":{"start":{"line":37,"column":24},"end":{"line":37,"column":36}}},"4":{"name":"(anonymous_4)","line":69,"loc":{"start":{"line":69,"column":31},"end":{"line":69,"column":48}},"skip":true},"5":{"name":"(anonymous_5)","line":78,"loc":{"start":{"line":78,"column":26},"end":{"line":78,"column":45}},"skip":true},"6":{"name":"(anonymous_6)","line":123,"loc":{"start":{"line":123,"column":33},"end":{"line":123,"column":48}},"skip":true},"7":{"name":"(anonymous_7)","line":125,"loc":{"start":{"line":125,"column":27},"end":{"line":125,"column":39}},"skip":true},"8":{"name":"(anonymous_8)","line":133,"loc":{"start":{"line":133,"column":59},"end":{"line":133,"column":74}},"skip":true},"9":{"name":"(anonymous_9)","line":143,"loc":{"start":{"line":143,"column":45},"end":{"line":143,"column":62}},"skip":true},"10":{"name":"(anonymous_10)","line":144,"loc":{"start":{"line":144,"column":73},"end":{"line":144,"column":92}},"skip":true},"11":{"name":"(anonymous_11)","line":272,"loc":{"start":{"line":272,"column":51},"end":{"line":272,"column":77}},"skip":true},"12":{"name":"(anonymous_12)","line":315,"loc":{"start":{"line":315,"column":32},"end":{"line":315,"column":61}},"skip":true}},"statementMap":{"1":{"start":{"line":26,"column":0},"end":{"line":326,"column":5}},"2":{"start":{"line":28,"column":4},"end":{"line":28,"column":14}},"3":{"start":{"line":33,"column":4},"end":{"line":60,"column":9}},"4":{"start":{"line":35,"column":8},"end":{"line":35,"column":19}},"5":{"start":{"line":37,"column":8},"end":{"line":49,"column":13}},"6":{"start":{"line":38,"column":12},"end":{"line":48,"column":13}},"7":{"start":{"line":39,"column":16},"end":{"line":42,"column":30}},"8":{"start":{"line":44,"column":16},"end":{"line":47,"column":27}},"9":{"start":{"line":51,"column":8},"end":{"line":53,"column":21}},"10":{"start":{"line":55,"column":8},"end":{"line":57,"column":45}},"11":{"start":{"line":59,"column":8},"end":{"line":59,"column":35}},"12":{"start":{"line":61,"column":4},"end":{"line":325,"column":5}},"13":{"start":{"line":69,"column":8},"end":{"line":121,"column":10},"skip":true},"14":{"start":{"line":70,"column":12},"end":{"line":88,"column":13},"skip":true},"15":{"start":{"line":76,"column":16},"end":{"line":87,"column":19},"skip":true},"16":{"start":{"line":79,"column":20},"end":{"line":86,"column":21},"skip":true},"17":{"start":{"line":82,"column":24},"end":{"line":82,"column":43},"skip":true},"18":{"start":{"line":83,"column":24},"end":{"line":83,"column":30},"skip":true},"19":{"start":{"line":85,"column":24},"end":{"line":85,"column":49},"skip":true},"20":{"start":{"line":89,"column":12},"end":{"line":107,"column":13},"skip":true},"21":{"start":{"line":92,"column":16},"end":{"line":102,"column":17},"skip":true},"22":{"start":{"line":93,"column":20},"end":{"line":93,"column":86},"skip":true},"23":{"start":{"line":94,"column":20},"end":{"line":95,"column":45},"skip":true},"24":{"start":{"line":96,"column":20},"end":{"line":96,"column":42},"skip":true},"25":{"start":{"line":97,"column":20},"end":{"line":97,"column":48},"skip":true},"26":{"start":{"line":100,"column":20},"end":{"line":100,"column":85},"skip":true},"27":{"start":{"line":101,"column":20},"end":{"line":101,"column":96},"skip":true},"28":{"start":{"line":103,"column":16},"end":{"line":103,"column":22},"skip":true},"29":{"start":{"line":106,"column":16},"end":{"line":106,"column":22},"skip":true},"30":{"start":{"line":108,"column":12},"end":{"line":120,"column":13},"skip":true},"31":{"start":{"line":114,"column":16},"end":{"line":119,"column":17},"skip":true},"32":{"start":{"line":116,"column":20},"end":{"line":116,"column":78},"skip":true},"33":{"start":{"line":118,"column":20},"end":{"line":118,"column":47},"skip":true},"34":{"start":{"line":123,"column":8},"end":{"line":141,"column":11},"skip":true},"35":{"start":{"line":124,"column":12},"end":{"line":124,"column":54},"skip":true},"36":{"start":{"line":125,"column":12},"end":{"line":140,"column":14},"skip":true},"37":{"start":{"line":126,"column":16},"end":{"line":126,"column":28},"skip":true},"38":{"start":{"line":127,"column":16},"end":{"line":127,"column":69},"skip":true},"39":{"start":{"line":128,"column":16},"end":{"line":128,"column":75},"skip":true},"40":{"start":{"line":129,"column":16},"end":{"line":131,"column":17},"skip":true},"41":{"start":{"line":130,"column":20},"end":{"line":130,"column":27},"skip":true},"42":{"start":{"line":133,"column":16},"end":{"line":137,"column":36},"skip":true},"43":{"start":{"line":134,"column":20},"end":{"line":136,"column":55},"skip":true},"44":{"start":{"line":139,"column":16},"end":{"line":139,"column":57},"skip":true},"45":{"start":{"line":143,"column":8},"end":{"line":147,"column":11},"skip":true},"46":{"start":{"line":144,"column":12},"end":{"line":146,"column":15},"skip":true},"47":{"start":{"line":145,"column":16},"end":{"line":145,"column":70},"skip":true},"48":{"start":{"line":149,"column":8},"end":{"line":149,"column":31},"skip":true},"49":{"start":{"line":150,"column":8},"end":{"line":150,"column":14},"skip":true},"50":{"start":{"line":158,"column":8},"end":{"line":158,"column":31},"skip":true},"51":{"start":{"line":160,"column":8},"end":{"line":160,"column":33},"skip":true},"52":{"start":{"line":161,"column":8},"end":{"line":161,"column":37},"skip":true},"53":{"start":{"line":162,"column":8},"end":{"line":162,"column":35},"skip":true},"54":{"start":{"line":164,"column":8},"end":{"line":164,"column":50},"skip":true},"55":{"start":{"line":166,"column":8},"end":{"line":256,"column":2},"skip":true},"56":{"start":{"line":258,"column":8},"end":{"line":286,"column":9},"skip":true},"57":{"start":{"line":259,"column":12},"end":{"line":269,"column":14},"skip":true},"58":{"start":{"line":271,"column":12},"end":{"line":285,"column":19},"skip":true},"59":{"start":{"line":274,"column":20},"end":{"line":274,"column":35},"skip":true},"60":{"start":{"line":275,"column":20},"end":{"line":284,"column":21},"skip":true},"61":{"start":{"line":277,"column":24},"end":{"line":277,"column":64},"skip":true},"62":{"start":{"line":279,"column":24},"end":{"line":279,"column":40},"skip":true},"63":{"start":{"line":281,"column":24},"end":{"line":281,"column":40},"skip":true},"64":{"start":{"line":283,"column":24},"end":{"line":283,"column":39},"skip":true},"65":{"start":{"line":288,"column":8},"end":{"line":290,"column":9},"skip":true},"66":{"start":{"line":289,"column":12},"end":{"line":289,"column":18},"skip":true},"67":{"start":{"line":291,"column":8},"end":{"line":293,"column":54},"skip":true},"68":{"start":{"line":296,"column":8},"end":{"line":301,"column":37},"skip":true},"69":{"start":{"line":303,"column":8},"end":{"line":303,"column":82},"skip":true},"70":{"start":{"line":306,"column":8},"end":{"line":308,"column":9},"skip":true},"71":{"start":{"line":307,"column":12},"end":{"line":307,"column":82},"skip":true},"72":{"start":{"line":310,"column":8},"end":{"line":312,"column":9},"skip":true},"73":{"start":{"line":311,"column":12},"end":{"line":311,"column":18},"skip":true},"74":{"start":{"line":313,"column":8},"end":{"line":313,"column":54},"skip":true},"75":{"start":{"line":314,"column":8},"end":{"line":314,"column":69},"skip":true},"76":{"start":{"line":315,"column":8},"end":{"line":323,"column":36},"skip":true},"77":{"start":{"line":316,"column":12},"end":{"line":316,"column":61},"skip":true},"78":{"start":{"line":317,"column":12},"end":{"line":320,"column":13},"skip":true},"79":{"start":{"line":318,"column":16},"end":{"line":318,"column":75},"skip":true},"80":{"start":{"line":319,"column":16},"end":{"line":319,"column":23},"skip":true},"81":{"start":{"line":321,"column":12},"end":{"line":321,"column":38},"skip":true},"82":{"start":{"line":322,"column":12},"end":{"line":322,"column":27},"skip":true},"83":{"start":{"line":324,"column":8},"end":{"line":324,"column":14},"skip":true}},"branchMap":{"1":{"line":39,"type":"binary-expr","locations":[{"start":{"line":39,"column":23},"end":{"line":39,"column":62}},{"start":{"line":40,"column":20},"end":{"line":40,"column":70}},{"start":{"line":41,"column":20},"end":{"line":41,"column":71}},{"start":{"line":42,"column":20},"end":{"line":42,"column":29}}]},"2":{"line":44,"type":"binary-expr","locations":[{"start":{"line":44,"column":23},"end":{"line":44,"column":37}},{"start":{"line":45,"column":20},"end":{"line":45,"column":61}},{"start":{"line":46,"column":20},"end":{"line":46,"column":70}},{"start":{"line":47,"column":20},"end":{"line":47,"column":26}}]},"3":{"line":51,"type":"cond-expr","locations":[{"start":{"line":52,"column":14},"end":{"line":52,"column":20}},{"start":{"line":53,"column":14},"end":{"line":53,"column":20}}]},"4":{"line":55,"type":"binary-expr","locations":[{"start":{"line":55,"column":16},"end":{"line":55,"column":44}},{"start":{"line":55,"column":49},"end":{"line":57,"column":43}}]},"5":{"line":55,"type":"cond-expr","locations":[{"start":{"line":56,"column":14},"end":{"line":56,"column":55}},{"start":{"line":57,"column":14},"end":{"line":57,"column":43}}]},"6":{"line":61,"type":"switch","locations":[{"start":{"line":68,"column":4},"end":{"line":150,"column":14},"skip":true},{"start":{"line":156,"column":4},"end":{"line":324,"column":14},"skip":true}]},"7":{"line":70,"type":"if","locations":[{"start":{"line":70,"column":12},"end":{"line":70,"column":12},"skip":true},{"start":{"line":70,"column":12},"end":{"line":70,"column":12},"skip":true}]},"8":{"line":70,"type":"binary-expr","locations":[{"start":{"line":70,"column":16},"end":{"line":70,"column":22},"skip":true},{"start":{"line":70,"column":27},"end":{"line":70,"column":32},"skip":true},{"start":{"line":71,"column":20},"end":{"line":71,"column":39},"skip":true},{"start":{"line":72,"column":20},"end":{"line":72,"column":49},"skip":true},{"start":{"line":73,"column":20},"end":{"line":73,"column":58},"skip":true},{"start":{"line":74,"column":20},"end":{"line":74,"column":69},"skip":true}]},"9":{"line":79,"type":"switch","locations":[{"start":{"line":80,"column":20},"end":{"line":80,"column":33},"skip":true},{"start":{"line":81,"column":20},"end":{"line":83,"column":30},"skip":true},{"start":{"line":84,"column":20},"end":{"line":85,"column":49},"skip":true}]},"10":{"line":89,"type":"switch","locations":[{"start":{"line":90,"column":12},"end":{"line":103,"column":22},"skip":true},{"start":{"line":105,"column":12},"end":{"line":106,"column":22},"skip":true}]},"11":{"line":89,"type":"binary-expr","locations":[{"start":{"line":89,"column":20},"end":{"line":89,"column":25},"skip":true},{"start":{"line":89,"column":29},"end":{"line":89,"column":48},"skip":true},{"start":{"line":89,"column":52},"end":{"line":89,"column":74},"skip":true}]},"12":{"line":92,"type":"if","locations":[{"start":{"line":92,"column":16},"end":{"line":92,"column":16},"skip":true},{"start":{"line":92,"column":16},"end":{"line":92,"column":16},"skip":true}]},"13":{"line":108,"type":"if","locations":[{"start":{"line":108,"column":12},"end":{"line":108,"column":12},"skip":true},{"start":{"line":108,"column":12},"end":{"line":108,"column":12},"skip":true}]},"14":{"line":108,"type":"binary-expr","locations":[{"start":{"line":108,"column":16},"end":{"line":108,"column":61},"skip":true},{"start":{"line":108,"column":66},"end":{"line":108,"column":72},"skip":true},{"start":{"line":108,"column":77},"end":{"line":108,"column":82},"skip":true},{"start":{"line":109,"column":20},"end":{"line":109,"column":39},"skip":true},{"start":{"line":110,"column":20},"end":{"line":110,"column":49},"skip":true},{"start":{"line":111,"column":20},"end":{"line":111,"column":58},"skip":true},{"start":{"line":112,"column":20},"end":{"line":112,"column":68},"skip":true}]},"15":{"line":129,"type":"if","locations":[{"start":{"line":129,"column":16},"end":{"line":129,"column":16},"skip":true},{"start":{"line":129,"column":16},"end":{"line":129,"column":16},"skip":true}]},"16":{"line":134,"type":"cond-expr","locations":[{"start":{"line":135,"column":26},"end":{"line":135,"column":29},"skip":true},{"start":{"line":136,"column":26},"end":{"line":136,"column":54},"skip":true}]},"17":{"line":164,"type":"binary-expr","locations":[{"start":{"line":164,"column":27},"end":{"line":164,"column":43},"skip":true},{"start":{"line":164,"column":47},"end":{"line":164,"column":49},"skip":true}]},"18":{"line":258,"type":"if","locations":[{"start":{"line":258,"column":8},"end":{"line":258,"column":8},"skip":true},{"start":{"line":258,"column":8},"end":{"line":258,"column":8},"skip":true}]},"19":{"line":275,"type":"switch","locations":[{"start":{"line":276,"column":20},"end":{"line":277,"column":64},"skip":true},{"start":{"line":278,"column":20},"end":{"line":279,"column":40},"skip":true},{"start":{"line":280,"column":20},"end":{"line":281,"column":40},"skip":true},{"start":{"line":282,"column":20},"end":{"line":283,"column":39},"skip":true}]},"20":{"line":288,"type":"if","locations":[{"start":{"line":288,"column":8},"end":{"line":288,"column":8},"skip":true},{"start":{"line":288,"column":8},"end":{"line":288,"column":8},"skip":true}]},"21":{"line":288,"type":"binary-expr","locations":[{"start":{"line":288,"column":12},"end":{"line":288,"column":40},"skip":true},{"start":{"line":288,"column":44},"end":{"line":288,"column":67},"skip":true}]},"22":{"line":292,"type":"binary-expr","locations":[{"start":{"line":292,"column":12},"end":{"line":292,"column":50},"skip":true},{"start":{"line":293,"column":12},"end":{"line":293,"column":53},"skip":true}]},"23":{"line":297,"type":"binary-expr","locations":[{"start":{"line":297,"column":12},"end":{"line":297,"column":69},"skip":true},{"start":{"line":298,"column":12},"end":{"line":301,"column":36},"skip":true}]},"24":{"line":303,"type":"binary-expr","locations":[{"start":{"line":303,"column":43},"end":{"line":303,"column":75},"skip":true},{"start":{"line":303,"column":79},"end":{"line":303,"column":81},"skip":true}]},"25":{"line":306,"type":"if","locations":[{"start":{"line":306,"column":8},"end":{"line":306,"column":8},"skip":true},{"start":{"line":306,"column":8},"end":{"line":306,"column":8},"skip":true}]},"26":{"line":310,"type":"if","locations":[{"start":{"line":310,"column":8},"end":{"line":310,"column":8},"skip":true},{"start":{"line":310,"column":8},"end":{"line":310,"column":8},"skip":true}]},"27":{"line":313,"type":"binary-expr","locations":[{"start":{"line":313,"column":27},"end":{"line":313,"column":43},"skip":true},{"start":{"line":313,"column":47},"end":{"line":313,"column":53},"skip":true}]},"28":{"line":317,"type":"if","locations":[{"start":{"line":317,"column":12},"end":{"line":317,"column":12},"skip":true},{"start":{"line":317,"column":12},"end":{"line":317,"column":12},"skip":true}]}},"code":["/*","example.js","","quickstart example","","instruction","    1. save this script as example.js","    2. run the shell command:","        $ npm install npmtest-livereloadx && PORT=8081 node example.js","    3. play with the browser-demo on http://127.0.0.1:8081","*/","","","","/* istanbul instrument in package npmtest_livereloadx */","/*jslint","    bitwise: true,","    browser: true,","    maxerr: 8,","    maxlen: 96,","    node: true,","    nomen: true,","    regexp: true,","    stupid: true","*/","(function () {","    'use strict';","    var local;","","","","    // run shared js-env code - init-before","    (function () {","        // init local","        local = {};","        // init modeJs","        local.modeJs = (function () {","            try {","                return typeof navigator.userAgent === 'string' &&","                    typeof document.querySelector('body') === 'object' &&","                    typeof XMLHttpRequest.prototype.open === 'function' &&","                    'browser';","            } catch (errorCaughtBrowser) {","                return module.exports &&","                    typeof process.versions.node === 'string' &&","                    typeof require('http').createServer === 'function' &&","                    'node';","            }","        }());","        // init global","        local.global = local.modeJs === 'browser'","            ? window","            : global;","        // init utility2_rollup","        local = local.global.utility2_rollup || (local.modeJs === 'browser'","            ? local.global.utility2_npmtest_livereloadx","            : global.utility2_moduleExports);","        // export local","        local.global.local = local;","    }());","    switch (local.modeJs) {","","","","    // init-after","    // run browser js-env code - init-after","    /* istanbul ignore next */","    case 'browser':","        local.testRunBrowser = function (event) {","            if (!event || (event &&","                    event.currentTarget &&","                    event.currentTarget.className &&","                    event.currentTarget.className.includes &&","                    event.currentTarget.className.includes('onreset'))) {","                // reset output","                Array.from(","                    document.querySelectorAll('body > .resettable')","                ).forEach(function (element) {","                    switch (element.tagName) {","                    case 'INPUT':","                    case 'TEXTAREA':","                        element.value = '';","                        break;","                    default:","                        element.textContent = '';","                    }","                });","            }","            switch (event && event.currentTarget && event.currentTarget.id) {","            case 'testRunButton1':","                // show tests","                if (document.querySelector('#testReportDiv1').style.display === 'none') {","                    document.querySelector('#testReportDiv1').style.display = 'block';","                    document.querySelector('#testRunButton1').textContent =","                        'hide internal test';","                    local.modeTest = true;","                    local.testRunDefault(local);","                // hide tests","                } else {","                    document.querySelector('#testReportDiv1').style.display = 'none';","                    document.querySelector('#testRunButton1').textContent = 'run internal test';","                }","                break;","            // custom-case","            default:","                break;","            }","            if (document.querySelector('#inputTextareaEval1') && (!event || (event &&","                    event.currentTarget &&","                    event.currentTarget.className &&","                    event.currentTarget.className.includes &&","                    event.currentTarget.className.includes('oneval')))) {","                // try to eval input-code","                try {","                    /*jslint evil: true*/","                    eval(document.querySelector('#inputTextareaEval1').value);","                } catch (errorCaught) {","                    console.error(errorCaught);","                }","            }","        };","        // log stderr and stdout to #outputTextareaStdout1","        ['error', 'log'].forEach(function (key) {","            console[key + '_original'] = console[key];","            console[key] = function () {","                var element;","                console[key + '_original'].apply(console, arguments);","                element = document.querySelector('#outputTextareaStdout1');","                if (!element) {","                    return;","                }","                // append text to #outputTextareaStdout1","                element.value += Array.from(arguments).map(function (arg) {","                    return typeof arg === 'string'","                        ? arg","                        : JSON.stringify(arg, null, 4);","                }).join(' ') + '\\n';","                // scroll textarea to bottom","                element.scrollTop = element.scrollHeight;","            };","        });","        // init event-handling","        ['change', 'click', 'keyup'].forEach(function (event) {","            Array.from(document.querySelectorAll('.on' + event)).forEach(function (element) {","                element.addEventListener(event, local.testRunBrowser);","            });","        });","        // run tests","        local.testRunBrowser();","        break;","","","","    // run node js-env code - init-after","    /* istanbul ignore next */","    case 'node':","        // export local","        module.exports = local;","        // require modules","        local.fs = require('fs');","        local.http = require('http');","        local.url = require('url');","        // init assets","        local.assetsDict = local.assetsDict || {};","        /* jslint-ignore-begin */","        local.assetsDict['/assets.index.template.html'] = '\\","<!doctype html>\\n\\","<html lang=\"en\">\\n\\","<head>\\n\\","<meta charset=\"UTF-8\">\\n\\","<meta name=\"viewport\" content=\"width=device-width, initial-scale=1\">\\n\\","<title>{{env.npm_package_name}} (v{{env.npm_package_version}})</title>\\n\\","<style>\\n\\","/*csslint\\n\\","    box-sizing: false,\\n\\","    universal-selector: false\\n\\","*/\\n\\","* {\\n\\","    box-sizing: border-box;\\n\\","}\\n\\","body {\\n\\","    background: #dde;\\n\\","    font-family: Arial, Helvetica, sans-serif;\\n\\","    margin: 2rem;\\n\\","}\\n\\","body > * {\\n\\","    margin-bottom: 1rem;\\n\\","}\\n\\",".utility2FooterDiv {\\n\\","    margin-top: 20px;\\n\\","    text-align: center;\\n\\","}\\n\\","</style>\\n\\","<style>\\n\\","/*csslint\\n\\","*/\\n\\","textarea {\\n\\","    font-family: monospace;\\n\\","    height: 10rem;\\n\\","    width: 100%;\\n\\","}\\n\\","textarea[readonly] {\\n\\","    background: #ddd;\\n\\","}\\n\\","</style>\\n\\","</head>\\n\\","<body>\\n\\","<!-- utility2-comment\\n\\","<div id=\"ajaxProgressDiv1\" style=\"background: #d00; height: 2px; left: 0; margin: 0; padding: 0; position: fixed; top: 0; transition: background 0.5s, width 1.5s; width: 25%;\"></div>\\n\\","utility2-comment -->\\n\\","<h1>\\n\\","<!-- utility2-comment\\n\\","    <a\\n\\","        {{#if env.npm_package_homepage}}\\n\\","        href=\"{{env.npm_package_homepage}}\"\\n\\","        {{/if env.npm_package_homepage}}\\n\\","        target=\"_blank\"\\n\\","    >\\n\\","utility2-comment -->\\n\\","        {{env.npm_package_name}} (v{{env.npm_package_version}})\\n\\","<!-- utility2-comment\\n\\","    </a>\\n\\","utility2-comment -->\\n\\","</h1>\\n\\","<h3>{{env.npm_package_description}}</h3>\\n\\","<!-- utility2-comment\\n\\","<h4><a download href=\"assets.app.js\">download standalone app</a></h4>\\n\\","<button class=\"onclick onreset\" id=\"testRunButton1\">run internal test</button><br>\\n\\","<div id=\"testReportDiv1\" style=\"display: none;\"></div>\\n\\","utility2-comment -->\\n\\","\\n\\","\\n\\","\\n\\","<label>stderr and stdout</label>\\n\\","<textarea class=\"resettable\" id=\"outputTextareaStdout1\" readonly></textarea>\\n\\","<!-- utility2-comment\\n\\","{{#if isRollup}}\\n\\","<script src=\"assets.app.js\"></script>\\n\\","{{#unless isRollup}}\\n\\","utility2-comment -->\\n\\","<script src=\"assets.utility2.rollup.js\"></script>\\n\\","<script src=\"jsonp.utility2._stateInit?callback=window.utility2._stateInit\"></script>\\n\\","<script src=\"assets.npmtest_livereloadx.rollup.js\"></script>\\n\\","<script src=\"assets.example.js\"></script>\\n\\","<script src=\"assets.test.js\"></script>\\n\\","<!-- utility2-comment\\n\\","{{/if isRollup}}\\n\\","utility2-comment -->\\n\\","<div class=\"utility2FooterDiv\">\\n\\","    [ this app was created with\\n\\","    <a href=\"https://github.com/kaizhu256/node-utility2\" target=\"_blank\">utility2</a>\\n\\","    ]\\n\\","</div>\\n\\","</body>\\n\\","</html>\\n\\","';","        /* jslint-ignore-end */","        if (local.templateRender) {","            local.assetsDict['/'] = local.templateRender(","                local.assetsDict['/assets.index.template.html'],","                {","                    env: local.objectSetDefault(local.env, {","                        npm_package_description: 'the greatest app in the world!',","                        npm_package_name: 'my-app',","                        npm_package_nameAlias: 'my_app',","                        npm_package_version: '0.0.1'","                    })","                }","            );","        } else {","            local.assetsDict['/'] = local.assetsDict['/assets.index.template.html']","                .replace((/\\{\\{env\\.(\\w+?)\\}\\}/g), function (match0, match1) {","                    // jslint-hack","                    String(match0);","                    switch (match1) {","                    case 'npm_package_description':","                        return 'the greatest app in the world!';","                    case 'npm_package_name':","                        return 'my-app';","                    case 'npm_package_nameAlias':","                        return 'my_app';","                    case 'npm_package_version':","                        return '0.0.1';","                    }","                });","        }","        // run the cli","        if (local.global.utility2_rollup || module !== require.main) {","            break;","        }","        local.assetsDict['/assets.example.js'] =","            local.assetsDict['/assets.example.js'] ||","            local.fs.readFileSync(__filename, 'utf8');","        // bug-workaround - long $npm_package_buildCustomOrg","        /* jslint-ignore-begin */","        local.assetsDict['/assets.npmtest_livereloadx.rollup.js'] =","            local.assetsDict['/assets.npmtest_livereloadx.rollup.js'] ||","            local.fs.readFileSync(","                local.npmtest_livereloadx.__dirname + '/lib.npmtest_livereloadx.js',","                'utf8'","            ).replace((/^#!/), '//');","        /* jslint-ignore-end */","        local.assetsDict['/favicon.ico'] = local.assetsDict['/favicon.ico'] || '';","        // if $npm_config_timeout_exit exists,","        // then exit this process after $npm_config_timeout_exit ms","        if (Number(process.env.npm_config_timeout_exit)) {","            setTimeout(process.exit, Number(process.env.npm_config_timeout_exit));","        }","        // start server","        if (local.global.utility2_serverHttp1) {","            break;","        }","        process.env.PORT = process.env.PORT || '8081';","        console.error('server starting on port ' + process.env.PORT);","        local.http.createServer(function (request, response) {","            request.urlParsed = local.url.parse(request.url);","            if (local.assetsDict[request.urlParsed.pathname] !== undefined) {","                response.end(local.assetsDict[request.urlParsed.pathname]);","                return;","            }","            response.statusCode = 404;","            response.end();","        }).listen(process.env.PORT);","        break;","    }","}());",""],"l":{"26":2,"28":2,"33":2,"35":2,"37":2,"38":2,"39":2,"44":1,"51":2,"55":2,"59":2,"61":2,"69":1,"70":2,"76":2,"79":2,"82":2,"83":2,"85":1,"89":2,"92":1,"93":1,"94":1,"96":1,"97":1,"100":1,"101":1,"103":1,"106":1,"108":2,"114":1,"116":1,"118":1,"123":1,"124":2,"125":2,"126":3,"127":3,"128":3,"129":3,"130":1,"133":3,"134":3,"139":3,"143":1,"144":3,"145":1,"149":1,"150":1,"158":1,"160":1,"161":1,"162":1,"164":1,"166":1,"258":1,"259":1,"271":1,"274":6,"275":6,"277":1,"279":2,"281":1,"283":2,"288":1,"289":1,"291":1,"296":1,"303":1,"306":1,"307":1,"310":1,"311":1,"313":1,"314":1,"315":1,"316":1,"317":1,"318":1,"319":1,"321":1,"322":1,"324":1}},"/home/travis/build/npmtest/node-npmtest-livereloadx/node_modules/livereloadx/lib/index.js":{"path":"/home/travis/build/npmtest/node-npmtest-livereloadx/node_modules/livereloadx/lib/index.js","s":{"1":1},"b":{},"f":{},"fnMap":{},"statementMap":{"1":{"start":{"line":3,"column":0},"end":{"line":3,"column":50}}},"branchMap":{},"code":["\"use strict\";","","module.exports = require('./server').createServer;",""],"l":{"3":1}},"/home/travis/build/npmtest/node-npmtest-livereloadx/node_modules/livereloadx/lib/server.js":{"path":"/home/travis/build/npmtest/node-npmtest-livereloadx/node_modules/livereloadx/lib/server.js","s":{"1":1,"2":1,"3":1,"4":0,"5":0,"6":0,"7":0,"8":0,"9":1,"10":1,"11":1,"12":0,"13":0,"14":0,"15":0,"16":0,"17":0,"18":0,"19":0,"20":0,"21":0,"22":0,"23":1,"24":2,"25":2,"26":2,"27":1,"28":2,"29":2,"30":2,"31":0,"32":2,"33":0,"34":2,"35":0,"36":0,"37":0,"38":0,"39":0,"40":0,"41":0,"42":0,"43":0,"44":0,"45":0,"46":0,"47":0,"48":0,"49":0,"50":0,"51":0,"52":0,"53":0,"54":0,"55":0,"56":0,"57":0,"58":0,"59":1,"60":1,"61":2,"62":2,"63":2},"b":{"1":[0,0],"2":[0,0],"3":[0,0],"4":[0,0],"5":[0,0,0],"6":[2,2],"7":[0,2],"8":[0,2],"9":[0,0],"10":[0,0],"11":[0,0],"12":[0,0],"13":[2,0]},"f":{"1":2,"2":0,"3":0,"4":0,"5":0,"6":2,"7":2,"8":0,"9":0,"10":0,"11":0,"12":2},"fnMap":{"1":{"name":"LiveReloadJsHandler","line":15,"loc":{"start":{"line":15,"column":0},"end":{"line":15,"column":31}}},"2":{"name":"(anonymous_2)","line":19,"loc":{"start":{"line":19,"column":10},"end":{"line":19,"column":29}}},"3":{"name":"addLogger","line":39,"loc":{"start":{"line":39,"column":0},"end":{"line":39,"column":29}}},"4":{"name":"remoteAddr","line":40,"loc":{"start":{"line":40,"column":2},"end":{"line":40,"column":27}}},"5":{"name":"(anonymous_5)","line":48,"loc":{"start":{"line":48,"column":12},"end":{"line":48,"column":37}}},"6":{"name":"Server","line":61,"loc":{"start":{"line":61,"column":0},"end":{"line":61,"column":33}}},"7":{"name":"(anonymous_7)","line":68,"loc":{"start":{"line":68,"column":10},"end":{"line":68,"column":21}}},"8":{"name":"(anonymous_8)","line":79,"loc":{"start":{"line":79,"column":35},"end":{"line":79,"column":63}}},"9":{"name":"(anonymous_9)","line":99,"loc":{"start":{"line":99,"column":20},"end":{"line":99,"column":35}}},"10":{"name":"(anonymous_10)","line":112,"loc":{"start":{"line":112,"column":9},"end":{"line":112,"column":20}}},"11":{"name":"(anonymous_11)","line":116,"loc":{"start":{"line":116,"column":30},"end":{"line":116,"column":45}}},"12":{"name":"(anonymous_12)","line":135,"loc":{"start":{"line":135,"column":23},"end":{"line":135,"column":40}}}},"statementMap":{"1":{"start":{"line":3,"column":0},"end":{"line":11,"column":46}},"2":{"start":{"line":15,"column":0},"end":{"line":16,"column":1}},"3":{"start":{"line":18,"column":0},"end":{"line":32,"column":2}},"4":{"start":{"line":20,"column":4},"end":{"line":20,"column":43}},"5":{"start":{"line":23,"column":4},"end":{"line":25,"column":5}},"6":{"start":{"line":24,"column":6},"end":{"line":24,"column":19}},"7":{"start":{"line":28,"column":4},"end":{"line":29,"column":17}},"8":{"start":{"line":30,"column":4},"end":{"line":30,"column":16}},"9":{"start":{"line":34,"column":0},"end":{"line":34,"column":50}},"10":{"start":{"line":39,"column":0},"end":{"line":58,"column":1}},"11":{"start":{"line":40,"column":2},"end":{"line":45,"column":3}},"12":{"start":{"line":41,"column":4},"end":{"line":41,"column":34}},"13":{"start":{"line":41,"column":18},"end":{"line":41,"column":32}},"14":{"start":{"line":42,"column":4},"end":{"line":42,"column":26}},"15":{"start":{"line":43,"column":4},"end":{"line":43,"column":58}},"16":{"start":{"line":43,"column":23},"end":{"line":43,"column":56}},"17":{"start":{"line":44,"column":4},"end":{"line":44,"column":30}},"18":{"start":{"line":47,"column":2},"end":{"line":47,"column":20}},"19":{"start":{"line":48,"column":2},"end":{"line":57,"column":4}},"20":{"start":{"line":49,"column":4},"end":{"line":49,"column":18}},"21":{"start":{"line":50,"column":4},"end":{"line":50,"column":29}},"22":{"start":{"line":52,"column":4},"end":{"line":56,"column":61}},"23":{"start":{"line":61,"column":0},"end":{"line":65,"column":1}},"24":{"start":{"line":62,"column":2},"end":{"line":62,"column":60}},"25":{"start":{"line":63,"column":2},"end":{"line":63,"column":72}},"26":{"start":{"line":64,"column":2},"end":{"line":64,"column":42}},"27":{"start":{"line":67,"column":0},"end":{"line":130,"column":2}},"28":{"start":{"line":69,"column":4},"end":{"line":69,"column":20}},"29":{"start":{"line":72,"column":4},"end":{"line":72,"column":49}},"30":{"start":{"line":73,"column":4},"end":{"line":77,"column":5}},"31":{"start":{"line":74,"column":6},"end":{"line":74,"column":51}},"32":{"start":{"line":75,"column":11},"end":{"line":77,"column":5}},"33":{"start":{"line":76,"column":6},"end":{"line":76,"column":52}},"34":{"start":{"line":79,"column":4},"end":{"line":91,"column":32}},"35":{"start":{"line":80,"column":6},"end":{"line":80,"column":35}},"36":{"start":{"line":82,"column":6},"end":{"line":86,"column":7}},"37":{"start":{"line":83,"column":8},"end":{"line":85,"column":9}},"38":{"start":{"line":84,"column":10},"end":{"line":84,"column":17}},"39":{"start":{"line":87,"column":6},"end":{"line":87,"column":30}},"40":{"start":{"line":88,"column":6},"end":{"line":88,"column":39}},"41":{"start":{"line":89,"column":6},"end":{"line":89,"column":21}},"42":{"start":{"line":90,"column":6},"end":{"line":90,"column":39}},"43":{"start":{"line":93,"column":4},"end":{"line":93,"column":75}},"44":{"start":{"line":95,"column":4},"end":{"line":95,"column":56}},"45":{"start":{"line":96,"column":4},"end":{"line":96,"column":16}},"46":{"start":{"line":100,"column":4},"end":{"line":105,"column":7}},"47":{"start":{"line":107,"column":4},"end":{"line":109,"column":5}},"48":{"start":{"line":108,"column":6},"end":{"line":108,"column":37}},"49":{"start":{"line":113,"column":4},"end":{"line":113,"column":58}},"50":{"start":{"line":115,"column":4},"end":{"line":115,"column":20}},"51":{"start":{"line":116,"column":4},"end":{"line":127,"column":7}},"52":{"start":{"line":117,"column":6},"end":{"line":126,"column":7}},"53":{"start":{"line":118,"column":8},"end":{"line":123,"column":9}},"54":{"start":{"line":119,"column":10},"end":{"line":119,"column":38}},"55":{"start":{"line":121,"column":10},"end":{"line":121,"column":47}},"56":{"start":{"line":122,"column":10},"end":{"line":122,"column":80}},"57":{"start":{"line":125,"column":8},"end":{"line":125,"column":35}},"58":{"start":{"line":128,"column":4},"end":{"line":128,"column":16}},"59":{"start":{"line":132,"column":0},"end":{"line":132,"column":24}},"60":{"start":{"line":135,"column":0},"end":{"line":139,"column":2}},"61":{"start":{"line":136,"column":2},"end":{"line":136,"column":36}},"62":{"start":{"line":137,"column":2},"end":{"line":137,"column":40}},"63":{"start":{"line":138,"column":2},"end":{"line":138,"column":16}}},"branchMap":{"1":{"line":23,"type":"if","locations":[{"start":{"line":23,"column":4},"end":{"line":23,"column":4}},{"start":{"line":23,"column":4},"end":{"line":23,"column":4}}]},"2":{"line":41,"type":"if","locations":[{"start":{"line":41,"column":4},"end":{"line":41,"column":4}},{"start":{"line":41,"column":4},"end":{"line":41,"column":4}}]},"3":{"line":43,"type":"if","locations":[{"start":{"line":43,"column":4},"end":{"line":43,"column":4}},{"start":{"line":43,"column":4},"end":{"line":43,"column":4}}]},"4":{"line":53,"type":"binary-expr","locations":[{"start":{"line":53,"column":35},"end":{"line":53,"column":50}},{"start":{"line":53,"column":54},"end":{"line":53,"column":61}}]},"5":{"line":56,"type":"binary-expr","locations":[{"start":{"line":56,"column":6},"end":{"line":56,"column":18}},{"start":{"line":56,"column":22},"end":{"line":56,"column":52}},{"start":{"line":56,"column":56},"end":{"line":56,"column":59}}]},"6":{"line":64,"type":"binary-expr","locations":[{"start":{"line":64,"column":17},"end":{"line":64,"column":24}},{"start":{"line":64,"column":28},"end":{"line":64,"column":41}}]},"7":{"line":73,"type":"if","locations":[{"start":{"line":73,"column":4},"end":{"line":73,"column":4}},{"start":{"line":73,"column":4},"end":{"line":73,"column":4}}]},"8":{"line":75,"type":"if","locations":[{"start":{"line":75,"column":11},"end":{"line":75,"column":11}},{"start":{"line":75,"column":11},"end":{"line":75,"column":11}}]},"9":{"line":83,"type":"if","locations":[{"start":{"line":83,"column":8},"end":{"line":83,"column":8}},{"start":{"line":83,"column":8},"end":{"line":83,"column":8}}]},"10":{"line":107,"type":"if","locations":[{"start":{"line":107,"column":4},"end":{"line":107,"column":4}},{"start":{"line":107,"column":4},"end":{"line":107,"column":4}}]},"11":{"line":117,"type":"if","locations":[{"start":{"line":117,"column":6},"end":{"line":117,"column":6}},{"start":{"line":117,"column":6},"end":{"line":117,"column":6}}]},"12":{"line":118,"type":"if","locations":[{"start":{"line":118,"column":8},"end":{"line":118,"column":8}},{"start":{"line":118,"column":8},"end":{"line":118,"column":8}}]},"13":{"line":137,"type":"binary-expr","locations":[{"start":{"line":137,"column":26},"end":{"line":137,"column":32}},{"start":{"line":137,"column":36},"end":{"line":137,"column":38}}]}},"code":["\"use strict\";","","var fs = require('fs')","  , http = require('http')","  , log = require('./log')('server')","  , ProxyHandler = require('./proxy')","  , send = require('send')","  , StaticHandler = require('./static')","  , url = require('url')","  , Watcher = require('./watcher')","  , WebSocketHandler = require('./websocket');","","","// Static file '/livereload.js' handler","function LiveReloadJsHandler() {","}","","LiveReloadJsHandler.prototype = {","  handle: function(req, res) {","    var path = url.parse(req.url).pathname;","","    // path should be /livereload.js","    if (path !== \"/livereload.js\") {","      return false;","    }","","    // send /livereload.js","    send(req, path, {root: __dirname + '/../contrib/'})","      .pipe(res);","    return true;","  }","};","","exports.LiveReloadJsHandler = LiveReloadJsHandler;","","","// Add logging for requests","// (ref) connect/lib/middleware/logger.js","function addLogger(req, res) {","  function remoteAddr(req) {","    if (req.ip) { return req.ip; }","    var sock = req.socket;","    if (sock.socket) { return sock.socket.remoteAddress; }","    return sock.remoteAddress;","  }","","  var end = res.end;","  res.end = function(chunk, encoding){","    res.end = end;","    res.end(chunk, encoding);","","    log.info('%s - \"%s %s HTTP/%d.%d\" %s %s',","      remoteAddr(req), req.method, req.originalUrl || req.url,","      req.httpVersionMajor, req.httpVersionMinor,","      res.statusCode,","      res._headers && res._headers['content-length'] || '-');","  };","}","","","function Server(config, watcher) {","  this.config = require('./config').setDefaultValue(config);","  this.is_included = require('./filter').getMatcher(this.config.filter);","  this.watcher = watcher || new Watcher();","}","","Server.prototype = {","  listen: function() {","    var self = this;","","    // setup handlers","    var handlers = [ new LiveReloadJsHandler() ];","    if (this.config.proxy) {","      handlers.push(new ProxyHandler(this.config));","    } else if (this.config.static) {","      handlers.push(new StaticHandler(this.config));","    }","","    var server = http.createServer(function(request, response) {","      addLogger(request, response);","","      for (var i = 0; i < handlers.length; i++) {","        if (handlers[i].handle(request, response)) {","          return;","        }","      }","      response.writeHead(404);","      response.write(\"File not found\");","      response.end();","      log.debug(\"404 %s\", request.url);","    }).listen(this.config.port);","","    this.webSocket = new WebSocketHandler(this.config, { server: server });","","    log.info(\"Waiting on port %d...\", this.config.port);","    return this;","  },","","  notifyFileChange: function(file) {","    var msg = JSON.stringify({","      command: 'reload',","      path: file,","      liveCSS: this.config.liveCSS,","      liveImg: this.config.liveImg","    });","","    if (this.webSocket) {","      this.webSocket.send(file, msg);","    }","  },","","  watch: function() {","    this.watcher.watch(this.config.dir, this.is_included);","","    var self = this;","    this.watcher.on('change', function(file) {","      if (self.is_included(file)) {","        if (self.config.delay === 0) {","          self.notifyFileChange(file);","        } else {","          log.info('delay', self.config.delay);","          setTimeout(self.notifyFileChange.bind(self), self.config.delay, file);","        }","      } else {","        log.info('skip: %s', file);","      }","    });","    return this;","  }","};","","exports.Server = Server;","","","exports.createServer = function(config) {","  log.debug(\"createServer\", config);","  var server = new Server(config || {});","  return server;","};",""],"l":{"3":1,"15":1,"18":1,"20":0,"23":0,"24":0,"28":0,"30":0,"34":1,"39":1,"40":1,"41":0,"42":0,"43":0,"44":0,"47":0,"48":0,"49":0,"50":0,"52":0,"61":1,"62":2,"63":2,"64":2,"67":1,"69":2,"72":2,"73":2,"74":0,"75":2,"76":0,"79":2,"80":0,"82":0,"83":0,"84":0,"87":0,"88":0,"89":0,"90":0,"93":0,"95":0,"96":0,"100":0,"107":0,"108":0,"113":0,"115":0,"116":0,"117":0,"118":0,"119":0,"121":0,"122":0,"125":0,"128":0,"132":1,"135":1,"136":2,"137":2,"138":2}},"/home/travis/build/npmtest/node-npmtest-livereloadx/node_modules/livereloadx/lib/log.js":{"path":"/home/travis/build/npmtest/node-npmtest-livereloadx/node_modules/livereloadx/lib/log.js","s":{"1":1,"2":1,"3":9,"4":1,"5":26,"6":1,"7":5,"8":26,"9":26,"10":26,"11":1,"12":3,"13":3,"14":1,"15":1,"16":80,"17":16,"18":16,"19":3,"20":24,"21":24,"22":24,"23":0,"24":24,"25":8,"26":16,"27":16,"28":1,"29":6,"30":6,"31":2,"32":2,"33":2,"34":1,"35":9,"36":9,"37":3,"38":6,"39":9,"40":1},"b":{"1":[32,48],"2":[0,24],"3":[8,16],"4":[24,24],"5":[3,6]},"f":{"1":9,"2":26,"3":5,"4":26,"5":3,"6":16,"7":80,"8":24,"9":6,"10":2,"11":9},"fnMap":{"1":{"name":"Logger","line":6,"loc":{"start":{"line":6,"column":0},"end":{"line":6,"column":27}}},"2":{"name":"(anonymous_2)","line":11,"loc":{"start":{"line":11,"column":23},"end":{"line":11,"column":45}}},"3":{"name":"(anonymous_3)","line":17,"loc":{"start":{"line":17,"column":52},"end":{"line":17,"column":68}}},"4":{"name":"(anonymous_4)","line":18,"loc":{"start":{"line":18,"column":28},"end":{"line":18,"column":43}}},"5":{"name":"createConsoleTransport","line":27,"loc":{"start":{"line":27,"column":0},"end":{"line":27,"column":38}}},"6":{"name":"getNowString","line":37,"loc":{"start":{"line":37,"column":2},"end":{"line":37,"column":26}}},"7":{"name":"pad2","line":38,"loc":{"start":{"line":38,"column":4},"end":{"line":38,"column":21}}},"8":{"name":"(anonymous_8)","line":48,"loc":{"start":{"line":48,"column":9},"end":{"line":48,"column":20}}},"9":{"name":"createDebugTransport","line":68,"loc":{"start":{"line":68,"column":0},"end":{"line":68,"column":36}}},"10":{"name":"(anonymous_10)","line":70,"loc":{"start":{"line":70,"column":9},"end":{"line":70,"column":31}}},"11":{"name":"(anonymous_11)","line":78,"loc":{"start":{"line":78,"column":17},"end":{"line":78,"column":32}}}},"statementMap":{"1":{"start":{"line":3,"column":0},"end":{"line":3,"column":27}},"2":{"start":{"line":6,"column":0},"end":{"line":8,"column":1}},"3":{"start":{"line":7,"column":2},"end":{"line":7,"column":29}},"4":{"start":{"line":11,"column":0},"end":{"line":13,"column":2}},"5":{"start":{"line":12,"column":2},"end":{"line":12,"column":50}},"6":{"start":{"line":17,"column":0},"end":{"line":23,"column":3}},"7":{"start":{"line":18,"column":2},"end":{"line":22,"column":4}},"8":{"start":{"line":19,"column":4},"end":{"line":19,"column":49}},"9":{"start":{"line":20,"column":4},"end":{"line":20,"column":24}},"10":{"start":{"line":21,"column":4},"end":{"line":21,"column":31}},"11":{"start":{"line":27,"column":0},"end":{"line":65,"column":1}},"12":{"start":{"line":28,"column":2},"end":{"line":28,"column":38}},"13":{"start":{"line":29,"column":2},"end":{"line":35,"column":4}},"14":{"start":{"line":37,"column":2},"end":{"line":46,"column":3}},"15":{"start":{"line":38,"column":4},"end":{"line":40,"column":5}},"16":{"start":{"line":39,"column":6},"end":{"line":39,"column":45}},"17":{"start":{"line":42,"column":4},"end":{"line":42,"column":23}},"18":{"start":{"line":43,"column":4},"end":{"line":45,"column":70}},"19":{"start":{"line":48,"column":2},"end":{"line":64,"column":4}},"20":{"start":{"line":49,"column":4},"end":{"line":49,"column":53}},"21":{"start":{"line":52,"column":4},"end":{"line":52,"column":29}},"22":{"start":{"line":53,"column":4},"end":{"line":55,"column":5}},"23":{"start":{"line":54,"column":6},"end":{"line":54,"column":13}},"24":{"start":{"line":56,"column":4},"end":{"line":58,"column":5}},"25":{"start":{"line":57,"column":6},"end":{"line":57,"column":13}},"26":{"start":{"line":61,"column":4},"end":{"line":61,"column":67}},"27":{"start":{"line":63,"column":4},"end":{"line":63,"column":37}},"28":{"start":{"line":68,"column":0},"end":{"line":75,"column":1}},"29":{"start":{"line":69,"column":2},"end":{"line":69,"column":54}},"30":{"start":{"line":70,"column":2},"end":{"line":74,"column":4}},"31":{"start":{"line":71,"column":4},"end":{"line":71,"column":49}},"32":{"start":{"line":72,"column":4},"end":{"line":72,"column":17}},"33":{"start":{"line":73,"column":4},"end":{"line":73,"column":29}},"34":{"start":{"line":78,"column":0},"end":{"line":86,"column":2}},"35":{"start":{"line":79,"column":2},"end":{"line":79,"column":23}},"36":{"start":{"line":80,"column":2},"end":{"line":84,"column":3}},"37":{"start":{"line":81,"column":4},"end":{"line":81,"column":45}},"38":{"start":{"line":83,"column":4},"end":{"line":83,"column":43}},"39":{"start":{"line":85,"column":2},"end":{"line":85,"column":31}},"40":{"start":{"line":88,"column":0},"end":{"line":88,"column":27}}},"branchMap":{"1":{"line":39,"type":"cond-expr","locations":[{"start":{"line":39,"column":22},"end":{"line":39,"column":29}},{"start":{"line":39,"column":32},"end":{"line":39,"column":44}}]},"2":{"line":53,"type":"if","locations":[{"start":{"line":53,"column":4},"end":{"line":53,"column":4}},{"start":{"line":53,"column":4},"end":{"line":53,"column":4}}]},"3":{"line":56,"type":"if","locations":[{"start":{"line":56,"column":4},"end":{"line":56,"column":4}},{"start":{"line":56,"column":4},"end":{"line":56,"column":4}}]},"4":{"line":56,"type":"binary-expr","locations":[{"start":{"line":56,"column":8},"end":{"line":56,"column":31}},{"start":{"line":56,"column":35},"end":{"line":56,"column":52}}]},"5":{"line":80,"type":"if","locations":[{"start":{"line":80,"column":2},"end":{"line":80,"column":2}},{"start":{"line":80,"column":2},"end":{"line":80,"column":2}}]}},"code":["\"use strict\";","","var util = require('util');","","// Logger constructor","function Logger(transport) {","  this.transport = transport;","}","","// Core logging method","Logger.prototype.log = function(level, args) {","  this.transport.apply(this.transport, arguments);","};","","//  Define prototype methods for each log level","//  e.g. logger.log('info', msg) <=> logger.info(msg)","['error', 'warn', 'info', 'debug', 'trace'].forEach(function(level) {","  Logger.prototype[level] = function(args) {","    args = Array.prototype.slice.call(arguments);","    args.unshift(level);","    this.log.apply(this, args);","  };","});","","","// winston compatible transport","function createConsoleTransport(name) {","  var esc = String.fromCharCode(0x1b);","  var levelMap = {","    'error': esc + '[31merror' + esc + '[39m: ', // red","    'warn':  esc + '[33mwarn'  + esc + '[39m:  ', // yellow","    'info':  esc + '[32minfo'  + esc + '[39m:  ', // green","    'debug': esc + '[34mdebug' + esc + '[39m: ', // white","    'trace': esc + '[36mtrace' + esc + '[39m: ' // blue","  };","","  function getNowString() {","    function pad2(n) {","      return n < 10 ? \"0\" + n : n.toString();","    }","","    var d = new Date();","    return util.format('%s-%s-%s %s:%s:%s',","      d.getFullYear(), pad2(d.getMonth() + 1), pad2(d.getDate()),","      pad2(d.getHours()), pad2(d.getMinutes()), pad2(d.getSeconds()));","  }","","  return function() {","    var args = Array.prototype.slice.call(arguments);","","    // level filter","    var level = args.shift();","    if (level === 'trace') {","      return;","    }","    if (!module.exports.verbose && level === 'debug') {","      return;","    }","","    // add time and colorize level","    args[0] = (getNowString()) + ' - ' + levelMap[level] + args[0];","","    console.log.apply(console, args);","  };","}","","// debug.js transport","function createDebugTransport(name) {","  var debug = require('debug')('livereloadx:' + name);","  return function(level, args) {","    args = Array.prototype.slice.call(arguments);","    args.shift();","    debug.apply(debug, args);","  };","}","","// debug compatible interface","module.exports = function(name) {","  var transport = null;","  if (module.exports.cli) {","    transport = createConsoleTransport(name);","  } else {","    transport = createDebugTransport(name);","  }","  return new Logger(transport);","};","","module.exports.cli = false;",""],"l":{"3":1,"6":1,"7":9,"11":1,"12":26,"17":1,"18":5,"19":26,"20":26,"21":26,"27":1,"28":3,"29":3,"37":1,"38":1,"39":80,"42":16,"43":16,"48":3,"49":24,"52":24,"53":24,"54":0,"56":24,"57":8,"61":16,"63":16,"68":1,"69":6,"70":6,"71":2,"72":2,"73":2,"78":1,"79":9,"80":9,"81":3,"83":6,"85":9,"88":1}},"/home/travis/build/npmtest/node-npmtest-livereloadx/node_modules/livereloadx/lib/proxy.js":{"path":"/home/travis/build/npmtest/node-npmtest-livereloadx/node_modules/livereloadx/lib/proxy.js","s":{"1":1,"2":1,"3":0,"4":0,"5":0,"6":0,"7":0,"8":0,"9":0,"10":0,"11":0,"12":1,"13":0,"14":0,"15":0,"16":0,"17":0,"18":0,"19":0,"20":0,"21":0,"22":0,"23":0,"24":0,"25":0,"26":0,"27":1,"28":0,"29":0,"30":0,"31":0,"32":0,"33":0,"34":0,"35":0,"36":0,"37":0,"38":0,"39":0,"40":0,"41":0,"42":0,"43":0,"44":0,"45":0,"46":0,"47":0,"48":0,"49":0,"50":0,"51":0,"52":1,"53":0,"54":0,"55":0,"56":0,"57":0,"58":1,"59":0,"60":0,"61":0,"62":1,"63":0,"64":0,"65":0,"66":0,"67":0,"68":0,"69":0,"70":1,"71":0,"72":1,"73":0,"74":0,"75":0,"76":0,"77":0,"78":0,"79":0,"80":0,"81":0,"82":0,"83":0,"84":0,"85":0,"86":1,"87":0,"88":0,"89":0,"90":0,"91":0,"92":0,"93":1,"94":0,"95":0,"96":1,"97":0,"98":0,"99":0,"100":0,"101":0,"102":0,"103":0,"104":0,"105":0,"106":0,"107":0,"108":0,"109":0,"110":0,"111":0,"112":0,"113":1,"114":0,"115":0,"116":0,"117":0,"118":0,"119":0,"120":0,"121":1,"122":0,"123":0,"124":0,"125":0,"126":0,"127":1,"128":0,"129":0,"130":0,"131":0,"132":0,"133":0,"134":0,"135":0,"136":0,"137":0,"138":0,"139":0,"140":0,"141":0,"142":0,"143":0,"144":1},"b":{"1":[0,0],"2":[0,0],"3":[0,0],"4":[0,0],"5":[0,0],"6":[0,0],"7":[0,0],"8":[0,0],"9":[0,0],"10":[0,0],"11":[0,0],"12":[0,0],"13":[0,0],"14":[0,0],"15":[0,0],"16":[0,0],"17":[0,0],"18":[0,0,0],"19":[0,0],"20":[0,0],"21":[0,0],"22":[0,0],"23":[0,0],"24":[0,0],"25":[0,0],"26":[0,0],"27":[0,0],"28":[0,0],"29":[0,0],"30":[0,0],"31":[0,0],"32":[0,0],"33":[0,0],"34":[0,0],"35":[0,0]},"f":{"1":0,"2":0,"3":0,"4":0,"5":0,"6":0,"7":0,"8":0,"9":0,"10":0,"11":0,"12":0,"13":0,"14":0,"15":0,"16":0,"17":0,"18":0},"fnMap":{"1":{"name":"ServerResponseWrapper","line":12,"loc":{"start":{"line":12,"column":0},"end":{"line":12,"column":47}}},"2":{"name":"(anonymous_2)","line":25,"loc":{"start":{"line":25,"column":44},"end":{"line":25,"column":74}}},"3":{"name":"(anonymous_3)","line":49,"loc":{"start":{"line":49,"column":40},"end":{"line":49,"column":66}}},"4":{"name":"(anonymous_4)","line":59,"loc":{"start":{"line":59,"column":38},"end":{"line":59,"column":64}}},"5":{"name":"(anonymous_5)","line":74,"loc":{"start":{"line":74,"column":28},"end":{"line":74,"column":47}}},"6":{"name":"(anonymous_6)","line":91,"loc":{"start":{"line":91,"column":45},"end":{"line":91,"column":72}}},"7":{"name":"(anonymous_7)","line":101,"loc":{"start":{"line":101,"column":59},"end":{"line":101,"column":76}}},"8":{"name":"(anonymous_8)","line":110,"loc":{"start":{"line":110,"column":41},"end":{"line":110,"column":58}}},"9":{"name":"wrapResponse","line":123,"loc":{"start":{"line":123,"column":0},"end":{"line":123,"column":38}}},"10":{"name":"rewriteLocation","line":127,"loc":{"start":{"line":127,"column":0},"end":{"line":127,"column":48}}},"11":{"name":"(anonymous_11)","line":145,"loc":{"start":{"line":145,"column":18},"end":{"line":145,"column":32}}},"12":{"name":"wrapRewriteLocation","line":155,"loc":{"start":{"line":155,"column":0},"end":{"line":155,"column":46}}},"13":{"name":"(anonymous_13)","line":158,"loc":{"start":{"line":158,"column":18},"end":{"line":158,"column":48}}},"14":{"name":"ProxyHandler","line":166,"loc":{"start":{"line":166,"column":0},"end":{"line":166,"column":30}}},"15":{"name":"(anonymous_15)","line":171,"loc":{"start":{"line":171,"column":30},"end":{"line":171,"column":41}}},"16":{"name":"(anonymous_16)","line":212,"loc":{"start":{"line":212,"column":32},"end":{"line":212,"column":51}}},"17":{"name":"(anonymous_17)","line":227,"loc":{"start":{"line":227,"column":33},"end":{"line":227,"column":52}}},"18":{"name":"(anonymous_18)","line":240,"loc":{"start":{"line":240,"column":33},"end":{"line":240,"column":57}}}},"statementMap":{"1":{"start":{"line":3,"column":0},"end":{"line":9,"column":25}},"2":{"start":{"line":12,"column":0},"end":{"line":23,"column":1}},"3":{"start":{"line":13,"column":2},"end":{"line":13,"column":17}},"4":{"start":{"line":14,"column":2},"end":{"line":14,"column":17}},"5":{"start":{"line":15,"column":2},"end":{"line":15,"column":19}},"6":{"start":{"line":17,"column":2},"end":{"line":17,"column":37}},"7":{"start":{"line":18,"column":2},"end":{"line":18,"column":29}},"8":{"start":{"line":19,"column":2},"end":{"line":19,"column":25}},"9":{"start":{"line":20,"column":2},"end":{"line":20,"column":44}},"10":{"start":{"line":21,"column":2},"end":{"line":21,"column":36}},"11":{"start":{"line":22,"column":2},"end":{"line":22,"column":32}},"12":{"start":{"line":25,"column":0},"end":{"line":47,"column":2}},"13":{"start":{"line":26,"column":2},"end":{"line":26,"column":31}},"14":{"start":{"line":27,"column":2},"end":{"line":27,"column":25}},"15":{"start":{"line":29,"column":2},"end":{"line":29,"column":73}},"16":{"start":{"line":30,"column":2},"end":{"line":30,"column":52}},"17":{"start":{"line":31,"column":2},"end":{"line":31,"column":51}},"18":{"start":{"line":32,"column":2},"end":{"line":46,"column":3}},"19":{"start":{"line":33,"column":4},"end":{"line":33,"column":51}},"20":{"start":{"line":34,"column":4},"end":{"line":34,"column":26}},"21":{"start":{"line":35,"column":4},"end":{"line":35,"column":24}},"22":{"start":{"line":37,"column":4},"end":{"line":37,"column":48}},"23":{"start":{"line":38,"column":4},"end":{"line":38,"column":27}},"24":{"start":{"line":41,"column":4},"end":{"line":43,"column":5}},"25":{"start":{"line":42,"column":6},"end":{"line":42,"column":70}},"26":{"start":{"line":45,"column":4},"end":{"line":45,"column":59}},"27":{"start":{"line":49,"column":0},"end":{"line":89,"column":2}},"28":{"start":{"line":50,"column":2},"end":{"line":56,"column":3}},"29":{"start":{"line":51,"column":4},"end":{"line":51,"column":52}},"30":{"start":{"line":52,"column":4},"end":{"line":52,"column":53}},"31":{"start":{"line":54,"column":4},"end":{"line":54,"column":55}},"32":{"start":{"line":55,"column":4},"end":{"line":55,"column":51}},"33":{"start":{"line":60,"column":2},"end":{"line":64,"column":3}},"34":{"start":{"line":61,"column":4},"end":{"line":61,"column":70}},"35":{"start":{"line":62,"column":4},"end":{"line":62,"column":49}},"36":{"start":{"line":63,"column":4},"end":{"line":63,"column":11}},"37":{"start":{"line":67,"column":2},"end":{"line":67,"column":45}},"38":{"start":{"line":67,"column":15},"end":{"line":67,"column":43}},"39":{"start":{"line":68,"column":2},"end":{"line":68,"column":45}},"40":{"start":{"line":70,"column":2},"end":{"line":88,"column":3}},"41":{"start":{"line":72,"column":4},"end":{"line":72,"column":67}},"42":{"start":{"line":73,"column":4},"end":{"line":73,"column":20}},"43":{"start":{"line":74,"column":4},"end":{"line":83,"column":7}},"44":{"start":{"line":75,"column":6},"end":{"line":82,"column":7}},"45":{"start":{"line":76,"column":8},"end":{"line":76,"column":69}},"46":{"start":{"line":77,"column":8},"end":{"line":77,"column":28}},"47":{"start":{"line":79,"column":8},"end":{"line":79,"column":75}},"48":{"start":{"line":80,"column":8},"end":{"line":80,"column":48}},"49":{"start":{"line":81,"column":8},"end":{"line":81,"column":56}},"50":{"start":{"line":86,"column":4},"end":{"line":86,"column":64}},"51":{"start":{"line":87,"column":4},"end":{"line":87,"column":55}},"52":{"start":{"line":91,"column":0},"end":{"line":99,"column":2}},"53":{"start":{"line":92,"column":2},"end":{"line":98,"column":3}},"54":{"start":{"line":93,"column":4},"end":{"line":93,"column":34}},"55":{"start":{"line":94,"column":9},"end":{"line":98,"column":3}},"56":{"start":{"line":95,"column":4},"end":{"line":95,"column":35}},"57":{"start":{"line":97,"column":4},"end":{"line":97,"column":77}},"58":{"start":{"line":101,"column":0},"end":{"line":108,"column":2}},"59":{"start":{"line":103,"column":2},"end":{"line":103,"column":41}},"60":{"start":{"line":105,"column":2},"end":{"line":106,"column":34}},"61":{"start":{"line":107,"column":2},"end":{"line":107,"column":16}},"62":{"start":{"line":110,"column":0},"end":{"line":121,"column":2}},"63":{"start":{"line":113,"column":2},"end":{"line":113,"column":60}},"64":{"start":{"line":114,"column":2},"end":{"line":114,"column":65}},"65":{"start":{"line":116,"column":2},"end":{"line":116,"column":40}},"66":{"start":{"line":117,"column":2},"end":{"line":117,"column":42}},"67":{"start":{"line
[...]
  newRule = \"@import url(\\\"\" + href + \"\\\") \" + media + \";\";","      rule.__LiveReload_newHref = href;","      tempLink = this.document.createElement(\"link\");","      tempLink.rel = 'stylesheet';","      tempLink.href = href;","      tempLink.__LiveReload_pendingRemoval = true;","      if (link.parentNode) {","        link.parentNode.insertBefore(tempLink, link);","      }","      return this.Timer.start(this.importCacheWaitPeriod, function() {","        if (tempLink.parentNode) {","          tempLink.parentNode.removeChild(tempLink);","        }","        if (rule.__LiveReload_newHref !== href) {","          return;","        }","        parent.insertRule(newRule, index);","        parent.deleteRule(index + 1);","        rule = parent.cssRules[index];","        rule.__LiveReload_newHref = href;","        return _this.Timer.start(_this.importCacheWaitPeriod, function() {","          if (rule.__LiveReload_newHref !== href) {","            return;","          }","          parent.insertRule(newRule, index);","          return parent.deleteRule(index + 1);","        });","      });","    };","","    Reloader.prototype.generateUniqueString = function() {","      return 'livereload=' + Date.now();","    };","","    Reloader.prototype.generateCacheBustUrl = function(url, expando) {","      var hash, oldParams, params, _ref;","      if (expando == null) {","        expando = this.generateUniqueString();","      }","      _ref = splitUrl(url), url = _ref.url, hash = _ref.hash, oldParams = _ref.params;","      if (this.options.overrideURL) {","        if (url.indexOf(this.options.serverURL) < 0) {","          url = this.options.serverURL + this.options.overrideURL + \"?url=\" + encodeURIComponent(url);","        }","      }","      params = oldParams.replace(/(\\?|&)livereload=(\\d+)/, function(match, sep) {","        return \"\" + sep + expando;","      });","      if (params === oldParams) {","        if (oldParams.length === 0) {","          params = \"?\" + expando;","        } else {","          params = \"\" + oldParams + \"&\" + expando;","        }","      }","      return url + params + hash;","    };","","    return Reloader;","","  })();","","}).call(this);","","// livereload","var Connector, LiveReload, Options, Reloader, Timer;","","Connector = __connector.Connector;","","Timer = __timer.Timer;","","Options = __options.Options;","","Reloader = __reloader.Reloader;","","__livereload.LiveReload = LiveReload = (function() {","","  function LiveReload(window) {","    var _this = this;","    this.window = window;","    this.listeners = {};","    this.plugins = [];","    this.pluginIdentifiers = {};","    this.console = this.window.location.href.match(/LR-verbose/) && this.window.console && this.window.console.log && this.window.console.error ? this.window.console : {","      log: function() {},","      error: function() {}","    };","    if (!(this.WebSocket = this.window.WebSocket || this.window.MozWebSocket)) {","      console.error(\"LiveReload disabled because the browser does not seem to support web sockets\");","      return;","    }","    if (!(this.options = Options.extract(this.window.document))) {","      console.error(\"LiveReload disabled because it could not find its own <SCRIPT> tag\");","      return;","    }","    this.reloader = new Reloader(this.window, this.console, Timer);","    this.connector = new Connector(this.options, this.WebSocket, Timer, {","      connecting: function() {},","      socketConnected: function() {},","      connected: function(protocol) {","        var _base;","        if (typeof (_base = _this.listeners).connect === \"function\") {","          _base.connect();","        }","        _this.log(\"LiveReload is connected to \" + _this.options.host + \":\" + _this.options.port + \" (protocol v\" + protocol + \").\");","        return _this.analyze();","      },","      error: function(e) {","        if (e instanceof ProtocolError) {","          return console.log(\"\" + e.message + \".\");","        } else {","          return console.log(\"LiveReload internal error: \" + e.message);","        }","      },","      disconnected: function(reason, nextDelay) {","        var _base;","        if (typeof (_base = _this.listeners).disconnect === \"function\") {","          _base.disconnect();","        }","        switch (reason) {","          case 'cannot-connect':","            return _this.log(\"LiveReload cannot connect to \" + _this.options.host + \":\" + _this.options.port + \", will retry in \" + nextDelay + \" sec.\");","          case 'broken':","            return _this.log(\"LiveReload disconnected from \" + _this.options.host + \":\" + _this.options.port + \", reconnecting in \" + nextDelay + \" sec.\");","          case 'handshake-timeout':","            return _this.log(\"LiveReload cannot connect to \" + _this.options.host + \":\" + _this.options.port + \" (handshake timeout), will retry in \" + nextDelay + \" sec.\");","          case 'handshake-failed':","            return _this.log(\"LiveReload cannot connect to \" + _this.options.host + \":\" + _this.options.port + \" (handshake failed), will retry in \" + nextDelay + \" sec.\");","          case 'manual':","            break;","          case 'error':","            break;","          default:","            return _this.log(\"LiveReload disconnected from \" + _this.options.host + \":\" + _this.options.port + \" (\" + reason + \"), reconnecting in \" + nextDelay + \" sec.\");","        }","      },","      message: function(message) {","        switch (message.command) {","          case 'reload':","            return _this.performReload(message);","          case 'alert':","            return _this.performAlert(message);","        }","      }","    });","  }","","  LiveReload.prototype.on = function(eventName, handler) {","    return this.listeners[eventName] = handler;","  };","","  LiveReload.prototype.log = function(message) {","    return this.console.log(\"\" + message);","  };","","  LiveReload.prototype.performReload = function(message) {","    var _ref, _ref2;","    this.log(\"LiveReload received reload request for \" + message.path + \".\");","    return this.reloader.reload(message.path, {","      liveCSS: (_ref = message.liveCSS) != null ? _ref : true,","      liveImg: (_ref2 = message.liveImg) != null ? _ref2 : true,","      originalPath: message.originalPath || '',","      overrideURL: message.overrideURL || '',","      serverURL: \"http://\" + this.options.host + \":\" + this.options.port","    });","  };","","  LiveReload.prototype.performAlert = function(message) {","    return alert(message.message);","  };","","  LiveReload.prototype.shutDown = function() {","    var _base;","    this.connector.disconnect();","    this.log(\"LiveReload disconnected.\");","    return typeof (_base = this.listeners).shutdown === \"function\" ? _base.shutdown() : void 0;","  };","","  LiveReload.prototype.hasPlugin = function(identifier) {","    return !!this.pluginIdentifiers[identifier];","  };","","  LiveReload.prototype.addPlugin = function(pluginClass) {","    var plugin;","    var _this = this;","    if (this.hasPlugin(pluginClass.identifier)) return;","    this.pluginIdentifiers[pluginClass.identifier] = true;","    plugin = new pluginClass(this.window, {","      _livereload: this,","      _reloader: this.reloader,","      _connector: this.connector,","      console: this.console,","      Timer: Timer,","      generateCacheBustUrl: function(url) {","        return _this.reloader.generateCacheBustUrl(url);","      }","    });","    this.plugins.push(plugin);","    this.reloader.addPlugin(plugin);","  };","","  LiveReload.prototype.analyze = function() {","    var plugin, pluginData, pluginsData, _i, _len, _ref;","    if (!(this.connector.protocol >= 7)) return;","    pluginsData = {};","    _ref = this.plugins;","    for (_i = 0, _len = _ref.length; _i < _len; _i++) {","      plugin = _ref[_i];","      pluginsData[plugin.constructor.identifier] = pluginData = (typeof plugin.analyze === \"function\" ? plugin.analyze() : void 0) || {};","      pluginData.version = plugin.constructor.version;","    }","    this.connector.sendCommand({","      command: 'info',","      plugins: pluginsData,","      url: this.window.location.href","    });","  };","","  return LiveReload;","","})();","","// less","var LessPlugin;","__less = LessPlugin = (function() {","  LessPlugin.identifier = 'less';","  LessPlugin.version = '1.0';","  function LessPlugin(window, host) {","    this.window = window;","    this.host = host;","  }","  LessPlugin.prototype.reload = function(path, options) {","    if (this.window.less && this.window.less.refresh) {","      if (path.match(/\\.less$/i)) {","        return this.reloadLess(path);","      }","      if (options.originalPath.match(/\\.less$/i)) {","        return this.reloadLess(options.originalPath);","      }","    }","    return false;","  };","  LessPlugin.prototype.reloadLess = function(path) {","    var link, links, _i, _len;","    links = (function() {","      var _i, _len, _ref, _results;","      _ref = document.getElementsByTagName('link');","      _results = [];","      for (_i = 0, _len = _ref.length; _i < _len; _i++) {","        link = _ref[_i];","        if (link.href && link.rel === 'stylesheet/less' || (link.rel.match(/stylesheet/) && link.type.match(/^text\\/(x-)?less$/))) {","          _results.push(link);","        }","      }","      return _results;","    })();","    if (links.length === 0) {","      return false;","    }","    for (_i = 0, _len = links.length; _i < _len; _i++) {","      link = links[_i];","      link.href = this.host.generateCacheBustUrl(link.href);","    }","    this.host.console.log(\"LiveReload is asking LESS to recompile all stylesheets\");","    this.window.less.refresh(true);","    return true;","  };","  LessPlugin.prototype.analyze = function() {","    return {","      disable: !!(this.window.less && this.window.less.refresh)","    };","  };","  return LessPlugin;","})();","","// startup","var CustomEvents, LiveReload, k;","CustomEvents = __customevents;","LiveReload = window.LiveReload = new (__livereload.LiveReload)(window);","for (k in window) {","  if (k.match(/^LiveReloadPlugin/)) {","    LiveReload.addPlugin(window[k]);","  }","}","LiveReload.addPlugin(__less);","LiveReload.on('shutdown', function() {","  return delete window.LiveReload;","});","LiveReload.on('connect', function() {","  return CustomEvents.fire(document, 'LiveReloadConnect');","});","LiveReload.on('disconnect', function() {","  return CustomEvents.fire(document, 'LiveReloadDisconnect');","});","CustomEvents.bind(document, 'LiveReloadShutDown', function() {","  return LiveReload.shutDown();","});","})();"],"l":{"1":2,"2":2,"5":2,"6":2,"8":0,"9":0,"10":0,"11":0,"12":0,"13":0,"14":0,"18":0,"22":0,"23":0,"24":0,"25":0,"26":0,"27":0,"28":0,"29":0,"32":0,"36":2,"37":2,"40":2,"41":2,"42":0,"43":0,"45":0,"47":2,"48":2,"49":2,"50":1,"51":0,"53":2,"55":2,"56":1,"57":0,"58":0,"60":2,"61":0,"63":2,"64":0,"65":0,"66":0,"67":0,"68":0,"69":0,"70":0,"71":0,"72":0,"73":0,"74":0,"75":0,"77":0,"80":0,"81":0,"82":0,"83":0,"84":0,"86":0,"87":0,"88":0,"90":0,"96":0,"97":0,"100":0,"101":0,"103":0,"107":2,"108":0,"109":0,"110":0,"112":0,"114":0,"115":0,"117":0,"118":0,"120":0,"122":2,"127":2,"129":2,"131":2,"133":2,"135":1,"136":0,"137":0,"138":0,"139":0,"140":0,"141":0,"142":0,"143":0,"144":0,"145":0,"147":0,"148":0,"149":0,"150":0,"151":0,"154":0,"155":0,"158":0,"161":0,"162":0,"163":0,"165":0,"166":0,"168":0,"169":0,"170":0,"172":0,"174":0,"177":2,"178":0,"181":2,"182":0,"183":0,"184":0,"185":0,"187":0,"188":0,"189":0,"190":0,"191":0,"192":0,"193":0,"195":0,"196":0,"198":0,"199":0,"201":0,"202":0,"206":2,"207":0,"208":0,"209":0,"210":0,"212":0,"213":0,"216":2,"217":0,"218":0,"220":0,"221":0,"222":0,"226":2,"227":0,"228":0,"230":0,"233":2,"234":0,"237":2,"238":0,"239":0,"240":0,"243":2,"244":0,"245":0,"246":0,"247":0,"251":0,"252":0,"253":0,"255":0,"256":0,"258":0,"259":0,"261":0,"262":0,"265":2,"266":0,"267":0,"268":0,"271":2,"273":2,"274":0,"277":2,"282":2,"283":2,"284":2,"285":1,"286":0,"287":0,"288":0,"289":0,"290":0,"291":0,"292":0,"295":2,"296":0,"297":0,"299":0,"300":0,"302":2,"303":0,"304":0,"305":0,"306":0,"309":2,"311":2,"312":0,"316":2,"317":2,"318":1,"319":0,"320":0,"321":0,"322":0,"323":0,"324":0,"325":0,"326":0,"328":2,"329":0,"331":0,"333":0,"335":0,"338":2,"340":2,"341":0,"342":0,"343":0,"344":0,"345":0,"346":0,"347":0,"348":0,"349":0,"350":0,"353":0,"354":0,"355":0,"356":0,"357":0,"358":0,"362":0,"365":0,"370":2,"371":2,"373":2,"374":0,"375":0,"376":0,"377":0,"379":0,"381":0,"382":0,"383":0,"385":0,"387":0,"394":2,"395":0,"396":0,"397":0,"398":0,"400":0,"402":0,"405":2,"406":0,"407":0,"410":0,"411":0,"412":0,"413":0,"414":0,"420":0,"421":0,"423":0,"427":2,"428":0,"429":0,"430":0,"431":0,"432":0,"434":0,"435":0,"436":0,"437":0,"438":0,"439":0,"441":0,"444":2,"445":0,"448":2,"458":2,"460":2,"462":1,"463":0,"464":0,"465":0,"466":0,"467":0,"468":0,"471":2,"472":0,"475":2,"476":0,"479":2,"480":0,"481":0,"482":0,"483":0,"485":0,"486":0,"487":0,"488":0,"489":0,"492":0,"493":0,"494":0,"495":0,"499":0,"500":0,"501":0,"502":0,"505":0,"508":2,"509":0,"512":2,"513":0,"514":0,"515":0,"516":0,"517":0,"518":0,"519":0,"522":0,"523":0,"524":0,"525":0,"526":0,"527":0,"528":0,"532":0,"533":0,"534":0,"535":0,"536":0,"537":0,"539":0,"543":2,"544":0,"545":0,"546":0,"550":0,"551":0,"553":0,"554":0,"555":0,"557":0,"558":0,"560":0,"561":0,"562":0,"564":0,"566":0,"571":2,"572":0,"574":0,"575":0,"576":0,"577":0,"578":0,"579":0,"580":0,"582":0,"585":0,"586":0,"592":2,"593":0,"595":0,"596":0,"597":0,"598":0,"599":0,"600":0,"601":0,"602":0,"605":0,"607":0,"608":0,"609":0,"610":0,"611":0,"612":0,"615":0,"616":0,"617":0,"619":0,"620":0,"621":0,"622":0,"623":0,"626":0,"627":0,"628":0,"630":0,"631":0,"632":0,"633":0,"635":0,"636":0,"639":0,"640":0,"641":0,"642":0,"645":0,"648":2,"649":0,"650":0,"651":0,"655":0,"656":0,"657":0,"658":0,"660":0,"662":0,"668":0,"669":0,"671":0,"677":2,"678":0,"680":0,"681":0,"682":0,"683":0,"685":0,"686":0,"688":0,"689":0,"690":0,"691":0,"693":0,"694":0,"695":0,"696":0,"697":0,"699":0,"703":0,"706":2,"707":0,"710":2,"711":0,"713":0,"714":0,"716":0,"717":0,"718":0,"719":0,"720":0,"721":0,"723":0,"725":0,"726":0,"727":0,"728":0,"730":0,"732":0,"733":0,"734":0,"735":0,"737":0,"739":0,"740":0,"741":0,"742":0,"744":0,"745":0,"746":0,"751":2,"752":0,"754":0,"755":0,"756":0,"757":0,"758":0,"759":0,"760":0,"761":0,"762":0,"763":0,"764":0,"765":0,"767":0,"768":0,"769":0,"771":0,"772":0,"774":0,"775":0,"776":0,"777":0,"778":0,"779":0,"780":0,"782":0,"783":0,"788":2,"789":0,"792":2,"793":0,"794":0,"795":0,"797":0,"798":0,"799":0,"800":0,"803":0,"804":0,"806":0,"807":0,"808":0,"810":0,"813":0,"816":2,"823":2,"825":2,"827":2,"829":2,"831":2,"833":2,"835":1,"836":0,"837":0,"838":0,"839":0,"840":0,"841":0,"845":0,"846":0,"847":0,"849":0,"850":0,"851":0,"853":0,"854":0,"858":0,"859":0,"860":0,"862":0,"863":0,"866":0,"867":0,"869":0,"873":0,"874":0,"875":0,"877":0,"879":0,"881":0,"883":0,"885":0,"887":0,"889":0,"891":0,"895":0,"897":0,"899":0,"905":2,"906":0,"909":2,"910":0,"913":2,"914":0,"915":0,"916":0,"925":2,"926":0,"929":2,"930":0,"931":0,"932":0,"933":0,"936":2,"937":0,"940":2,"941":0,"942":0,"943":0,"944":0,"945":0,"952":0,"955":0,"956":0,"959":2,"960":0,"961":0,"962":0,"963":0,"964":0,"965":0,"966":0,"967":0,"969":0,"976":2,"981":2,"982":2,"983":2,"984":2,"985":1,"986":0,"987":0,"989":2,"990":0,"991":0,"992":0,"994":0,"995":0,"998":0,"1000":2,"1001":0,"1002":0,"1003":0,"1004":0,"1005":0,"1006":0,"1007":0,"1008":0,"1009":0,"1012":0,"1014":0,"1015":0,"1017":0,"1018":0,"1019":0,"1021":0,"1022":0,"1023":0,"1025":2,"1026":0,"1030":2,"1034":2,"1035":2,"1036":2,"1037":0,"1038":0,"1039":0,"1042":0,"1043":0,"1044":0,"1046":0,"1047":0,"1049":0,"1050":0,"1052":0,"1053":0}},"/home/travis/build/npmtest/node-npmtest-livereloadx/node_modules/livereloadx/tasks/livereloadx.js":{"path":"/home/travis/build/npmtest/node-npmtest-livereloadx/node_modules/livereloadx/tasks/livereloadx.js","s":{"1":1,"2":0,"3":0,"4":0,"5":0,"6":0,"7":0,"8":0,"9":0,"10":0,"11":0,"12":0,"13":0,"14":0,"15":0,"16":0,"17":0,"18":0,"19":0,"20":0},"b":{"1":[0,0],"2":[0,0],"3":[0,0],"4":[0,0]},"f":{"1":0,"2":0},"fnMap":{"1":{"name":"(anonymous_1)","line":11,"loc":{"start":{"line":11,"column":17},"end":{"line":11,"column":33}}},"2":{"name":"(anonymous_2)","line":13,"loc":{"start":{"line":13,"column":58},"end":{"line":13,"column":69}}}},"statementMap":{"1":{"start":{"line":11,"column":0},"end":{"line":48,"column":2}},"2":{"start":{"line":13,"column":2},"end":{"line":47,"column":5}},"3":{"start":{"line":15,"column":4},"end":{"line":16,"column":46}},"4":{"start":{"line":17,"column":4},"end":{"line":17,"column":23}},"5":{"start":{"line":18,"column":4},"end":{"line":20,"column":5}},"6":{"start":{"line":19,"column":6},"end":{"line":19,"column":29}},"7":{"start":{"line":23,"column":4},"end":{"line":23,"column":41}},"8":{"start":{"line":24,"column":4},"end":{"line":31,"column":5}},"9":{"start":{"line":25,"column":6},"end":{"line":28,"column":7}},"10":{"start":{"line":27,"column":8},"end":{"line":27,"column":21}},"11":{"start":{"line":30,"column":6},"end":{"line":30,"column":28}},"12":{"start":{"line":34,"column":4},"end":{"line":34,"column":31}},"13":{"start":{"line":35,"column":4},"end":{"line":41,"column":5}},"14":{"start":{"line":36,"column":6},"end":{"line":36,"column":50}},"15":{"start":{"line":37,"column":6},"end":{"line":37,"column":50}},"16":{"start":{"line":39,"column":6},"end":{"line":39,"column":25}},"17":{"start":{"line":40,"column":6},"end":{"line":40,"column":19}},"18":{"start":{"line":44,"column":4},"end":{"line":44,"column":40}},"19":{"start":{"line":45,"column":4},"end":{"line":45,"column":28}},"20":{"start":{"line":46,"column":4},"end":{"line":46,"column":46}}},"branchMap":{"1":{"line":18,"type":"if","locations":[{"start":{"line":18,"column":4},"end":{"line":18,"column":4}},{"start":{"line":18,"column":4},"end":{"line":18,"column":4}}]},"2":{"line":18,"type":"binary-expr","locations":[{"start":{"line":18,"column":8},"end":{"line":18,"column":29}},{"start":{"line":18,"column":33},"end":{"line":18,"column":56}}]},"3":{"line":24,"type":"if","locations":[{"start":{"line":24,"column":4},"end":{"line":24,"column":4}},{"start":{"line":24,"column":4},"end":{"line":24,"column":4}}]},"4":{"line":25,"type":"if","locations":[{"start":{"line":25,"column":6},"end":{"line":25,"column":6}},{"start":{"line":25,"column":6},"end":{"line":25,"column":6}}]}},"code":["/*"," * livereloadx"," * https://github.com/nitoyon/livereloadx"," *"," * Copyright (c) 2013 nitoyon"," * Licensed under the MIT license."," */","","'use strict';","","module.exports = function(grunt) {","","  grunt.registerTask('livereloadx', 'LiveReloadX server', function() {","    // initialize log","    var log_mod = require('../lib/log')","      , config_mod = require('../lib/config');","    log_mod.cli = true;","    if (grunt.option('debug') || grunt.option('verbose')) {","      log_mod.verbose = true;","    }","","    // initialize wait","    var config = grunt.config(this.name);","    if ('wait' in config) {","      if (config['wait']) {","        // never go to next task","        this.async();","      }","      // delete wait property because config_mod report it as invalid","      delete config['wait'];","    }","","    // get config","    var log = log_mod('grunt');","    try {","      config = config_mod.setDefaultValue(config);","      config_mod.dump(log.info.bind(log), config);","    } catch (e) {","      grunt.log.error(e);","      return false;","    }","","    // start server","    var server = require('../')(config);","    server.listen().watch();","    grunt.log.writeln('LiveReloadX started.');","  });","};",""],"l":{"11":1,"13":0,"15":0,"17":0,"18":0,"19":0,"23":0,"24":0,"25":0,"27":0,"30":0,"34":0,"35":0,"36":0,"37":0,"39":0,"40":0,"44":0,"45":0,"46":0}}}